#
# There is insufficient memory for the Java Runtime Environment to continue.
# Native memory allocation (mmap) failed to map 7340032 bytes for G1 virtual space
# Possible reasons:
#   The system is out of physical RAM or swap space
#   The process is running with CompressedOops enabled, and the Java Heap may be blocking the growth of the native heap
# Possible solutions:
#   Reduce memory load on the system
#   Increase physical memory or swap space
#   Check if swap backing store is full
#   Decrease Java heap size (-Xmx/-Xms)
#   Decrease number of Java threads
#   Decrease Java thread stack sizes (-Xss)
#   Set larger code cache with -XX:ReservedCodeCacheSize=
#   JVM is running with Unscaled Compressed Oops mode in which the Java heap is
#     placed in the first 4GB address space. The Java Heap base address is the
#     maximum limit for the native heap growth. Please use -XX:HeapBaseMinAddress
#     to set the Java Heap base and to place the Java Heap above 4GB virtual address.
# This output file may be truncated or incomplete.
#
#  Out of Memory Error (os_windows.cpp:3469), pid=5272, tid=12652
#
# JRE version: Java(TM) SE Runtime Environment (17.0.1+12) (build 17.0.1+12-LTS-39)
# Java VM: Java HotSpot(TM) 64-Bit Server VM (17.0.1+12-LTS-39, mixed mode, sharing, tiered, compressed oops, compressed class ptrs, g1 gc, windows-amd64)
# No core dump will be written. Minidumps are not enabled by default on client versions of Windows
#

---------------  S U M M A R Y ------------

Command Line: -Dorg.gradle.internal.worker.tmpdir=C:\Users\Nataša\Desktop\DIS\DIS-project\DIS\microservices\book\build\tmp\test\work -Dorg.gradle.native=false --add-opens=java.base/java.util=ALL-UNNAMED --add-opens=java.base/java.lang=ALL-UNNAMED -Xmx512m -Dfile.encoding=windows-1252 -Duser.country=US -Duser.language=en -Duser.variant -ea worker.org.gradle.process.internal.worker.GradleWorkerMain 'Gradle Test Executor 1'

Host: Intel(R) Core(TM) i5-4210M CPU @ 2.60GHz, 4 cores, 11G,  Windows 10 , 64 bit Build 19041 (10.0.19041.1706)
Time: Sat Jun  4 13:41:54 2022 Central Europe Daylight Time elapsed time: 20.186370 seconds (0d 0h 0m 20s)

---------------  T H R E A D  ---------------

Current thread (0x00000253c83acb50):  VMThread "VM Thread" [stack: 0x000000c45f700000,0x000000c45f800000] [id=12652]

Stack: [0x000000c45f700000,0x000000c45f800000]
Native frames: (J=compiled Java code, j=interpreted, Vv=VM code, C=native code)
V  [jvm.dll+0x66fa1a]
V  [jvm.dll+0x7ce5a4]
V  [jvm.dll+0x7cfd4e]
V  [jvm.dll+0x7d03b3]
V  [jvm.dll+0x242b05]
V  [jvm.dll+0x66ca39]
V  [jvm.dll+0x661502]
V  [jvm.dll+0x30081b]
V  [jvm.dll+0x307da6]
V  [jvm.dll+0x357a1e]
V  [jvm.dll+0x357c4f]
V  [jvm.dll+0x2d7ad8]
V  [jvm.dll+0x2dab56]
V  [jvm.dll+0x2e5198]
V  [jvm.dll+0x318f20]
V  [jvm.dll+0x7d484b]
V  [jvm.dll+0x7d5584]
V  [jvm.dll+0x7d5a9c]
V  [jvm.dll+0x7d5e74]
V  [jvm.dll+0x7d5f40]
V  [jvm.dll+0x77e91a]
V  [jvm.dll+0x66e845]
C  [ucrtbase.dll+0x21bb2]
C  [KERNEL32.DLL+0x17034]
C  [ntdll.dll+0x52651]

VM_Operation (0x000000c45f3ff8e0): G1Concurrent, mode: safepoint, requested by thread 0x00000253ae458630


---------------  P R O C E S S  ---------------

Threads class SMR info:
_java_thread_list=0x00000253cf7d7320, length=23, elements={
0x00000253ae42d800, 0x00000253c83b1660, 0x00000253c83b2bf0, 0x00000253c83cc590,
0x00000253c83cef60, 0x00000253c83cf820, 0x00000253c83d55f0, 0x00000253c83d6290,
0x00000253c83dec50, 0x00000253c83f4170, 0x00000253c91ed3d0, 0x00000253c91f00c0,
0x00000253c9ddd030, 0x00000253c9e405b0, 0x00000253c9e4cb20, 0x00000253ca81a1e0,
0x00000253ca81b050, 0x00000253ca81a6b0, 0x00000253cf376e30, 0x00000253cf37acc0,
0x00000253cb5872e0, 0x00000253cf37d340, 0x00000253cf37c4d0
}

Java Threads: ( => current thread )
  0x00000253ae42d800 JavaThread "Test worker" [_thread_blocked, id=1484, stack(0x000000c45f100000,0x000000c45f200000)]
  0x00000253c83b1660 JavaThread "Reference Handler" daemon [_thread_blocked, id=9828, stack(0x000000c45f800000,0x000000c45f900000)]
  0x00000253c83b2bf0 JavaThread "Finalizer" daemon [_thread_blocked, id=12900, stack(0x000000c45f900000,0x000000c45fa00000)]
  0x00000253c83cc590 JavaThread "Signal Dispatcher" daemon [_thread_blocked, id=8884, stack(0x000000c45fa00000,0x000000c45fb00000)]
  0x00000253c83cef60 JavaThread "Attach Listener" daemon [_thread_blocked, id=11524, stack(0x000000c45fb00000,0x000000c45fc00000)]
  0x00000253c83cf820 JavaThread "Service Thread" daemon [_thread_blocked, id=11388, stack(0x000000c45fc00000,0x000000c45fd00000)]
  0x00000253c83d55f0 JavaThread "Monitor Deflation Thread" daemon [_thread_blocked, id=8588, stack(0x000000c45fd00000,0x000000c45fe00000)]
  0x00000253c83d6290 JavaThread "C2 CompilerThread0" daemon [_thread_blocked, id=4584, stack(0x000000c45fe00000,0x000000c45ff00000)]
  0x00000253c83dec50 JavaThread "C1 CompilerThread0" daemon [_thread_blocked, id=7160, stack(0x000000c45ff00000,0x000000c460000000)]
  0x00000253c83f4170 JavaThread "Sweeper thread" daemon [_thread_blocked, id=1356, stack(0x000000c460000000,0x000000c460100000)]
  0x00000253c91ed3d0 JavaThread "Common-Cleaner" daemon [_thread_blocked, id=9896, stack(0x000000c460100000,0x000000c460200000)]
  0x00000253c91f00c0 JavaThread "Notification Thread" daemon [_thread_blocked, id=3500, stack(0x000000c460200000,0x000000c460300000)]
  0x00000253c9ddd030 JavaThread "/127.0.0.1:63810 to /127.0.0.1:63809 workers" [_thread_blocked, id=9824, stack(0x000000c460900000,0x000000c460a00000)]
  0x00000253c9e405b0 JavaThread "/127.0.0.1:63810 to /127.0.0.1:63809 workers Thread 2" [_thread_blocked, id=9468, stack(0x000000c460b00000,0x000000c460c00000)]
  0x00000253c9e4cb20 JavaThread "/127.0.0.1:63810 to /127.0.0.1:63809 workers Thread 3" [_thread_in_native, id=7124, stack(0x000000c460c00000,0x000000c460d00000)]
  0x00000253ca81a1e0 JavaThread "cluster-ClusterId{value='629b44f937eb470a7b6a1836', description='null'}-localhost:27017" daemon [_thread_blocked, id=12308, stack(0x000000c460d00000,0x000000c460e00000)]
  0x00000253ca81b050 JavaThread "cluster-rtt-ClusterId{value='629b44f937eb470a7b6a1836', description='null'}-localhost:27017" daemon [_thread_blocked, id=6236, stack(0x000000c460e00000,0x000000c460f00000)]
  0x00000253ca81a6b0 JavaThread "nioEventLoopGroup-2-1" [_thread_in_native, id=8524, stack(0x000000c460f00000,0x000000c461000000)]
  0x00000253cf376e30 JavaThread "nioEventLoopGroup-2-2" [_thread_in_native, id=504, stack(0x000000c461000000,0x000000c461100000)]
  0x00000253cf37acc0 JavaThread "boundedElastic-evictor-1" daemon [_thread_blocked, id=336, stack(0x000000c461100000,0x000000c461200000)]
  0x00000253cb5872e0 JavaThread "C2 CompilerThread1" daemon [_thread_in_native, id=10152, stack(0x000000c460a00000,0x000000c460b00000)]
  0x00000253cf37d340 JavaThread "spring.cloud.inetutils" daemon [_thread_blocked, id=10088, stack(0x000000c461200000,0x000000c461300000)]
  0x00000253cf37c4d0 JavaThread "AsyncResolver-bootstrap-0" daemon [_thread_blocked, id=1896, stack(0x000000c461300000,0x000000c461400000)]

Other Threads:
=>0x00000253c83acb50 VMThread "VM Thread" [stack: 0x000000c45f700000,0x000000c45f800000] [id=12652]
  0x00000253ae460cb0 WatcherThread [stack: 0x000000c460300000,0x000000c460400000] [id=13132]
  0x00000253ae4527d0 GCTaskThread "GC Thread#0" [stack: 0x000000c45f200000,0x000000c45f300000] [id=7752]
  0x00000253c97a8420 GCTaskThread "GC Thread#1" [stack: 0x000000c460400000,0x000000c460500000] [id=11436]
  0x00000253c97a86d0 GCTaskThread "GC Thread#2" [stack: 0x000000c460500000,0x000000c460600000] [id=7576]
  0x00000253c9c9b770 GCTaskThread "GC Thread#3" [stack: 0x000000c460600000,0x000000c460700000] [id=12580]
  0x00000253ae458630 ConcurrentGCThread "G1 Main Marker" [stack: 0x000000c45f300000,0x000000c45f400000] [id=12980]
  0x00000253ae4596f0 ConcurrentGCThread "G1 Conc#0" [stack: 0x000000c45f400000,0x000000c45f500000] [id=3696]
  0x00000253c8270090 ConcurrentGCThread "G1 Refine#0" [stack: 0x000000c45f500000,0x000000c45f600000] [id=13044]
  0x00000253c9c9cc70 ConcurrentGCThread "G1 Refine#1" [stack: 0x000000c460700000,0x000000c460800000] [id=12396]
  0x00000253c82709c0 ConcurrentGCThread "G1 Service" [stack: 0x000000c45f600000,0x000000c45f700000] [id=10864]

Threads with active compile tasks:
C2 CompilerThread0    20239 6080       4       java.util.function.BiPredicate$$Lambda$427/0x0000000800cb9208::test (16 bytes)
C2 CompilerThread1    20239 6214   !   4       org.springframework.beans.factory.support.DefaultListableBeanFactory::doGetBeanNamesForType (511 bytes)

VM state: at safepoint (normal execution)

VM Mutex/Monitor currently owned by a thread:  ([mutex/lock_event])
[0x00000253ae42a300] Threads_lock - owner thread: 0x00000253c83acb50
[0x00000253ae42a0c0] Heap_lock - owner thread: 0x00000253ae458630

Heap address: 0x00000000e0000000, size: 512 MB, Compressed Oops mode: 32-bit

CDS archive(s) mapped at: [0x0000000800000000-0x0000000800bc0000-0x0000000800bc0000), size 12320768, SharedBaseAddress: 0x0000000800000000, ArchiveRelocationMode: 0.
Compressed class space mapped at: 0x0000000800c00000-0x0000000840c00000, reserved size: 1073741824
Narrow klass base: 0x0000000800000000, Narrow klass shift: 0, Narrow klass range: 0x100000000

GC Precious Log:
 CPUs: 4 total, 4 available
 Memory: 12201M
 Large Page Support: Disabled
 NUMA Support: Disabled
 Compressed Oops: Enabled (32-bit)
 Heap Region Size: 1M
 Heap Min Capacity: 8M
 Heap Initial Capacity: 192M
 Heap Max Capacity: 512M
 Pre-touch: Disabled
 Parallel Workers: 4
 Concurrent Workers: 1
 Concurrent Refinement Workers: 4
 Periodic GC: Disabled

Heap:
 garbage-first heap   total 83968K, used 52749K [0x00000000e0000000, 0x0000000100000000)
  region size 1024K, 6 young (6144K), 3 survivors (3072K)
 Metaspace       used 60379K, committed 60800K, reserved 1105920K
  class space    used 8399K, committed 8576K, reserved 1048576K

Heap Regions: E=young(eden), S=young(survivor), O=old, HS=humongous(starts), HC=humongous(continues), CS=collection set, F=free, OA=open archive, CA=closed archive, TAMS=top-at-mark-start (previous, next)
|   0|0x00000000e0000000, 0x00000000e0100000, 0x00000000e0100000|100%|HS|  |TAMS 0x00000000e0100000, 0x00000000e0000000| Complete 
|   1|0x00000000e0100000, 0x00000000e0200000, 0x00000000e0200000|100%|HC|  |TAMS 0x00000000e0200000, 0x00000000e0100000| Complete 
|   2|0x00000000e0200000, 0x00000000e0300000, 0x00000000e0300000|100%| O|  |TAMS 0x00000000e0300000, 0x00000000e0200000| Untracked 
|   3|0x00000000e0300000, 0x00000000e0400000, 0x00000000e0400000|100%| O|  |TAMS 0x00000000e0400000, 0x00000000e0300000| Untracked 
|   4|0x00000000e0400000, 0x00000000e0500000, 0x00000000e0500000|100%| O|  |TAMS 0x00000000e0500000, 0x00000000e0400000| Updating 
|   5|0x00000000e0500000, 0x00000000e0600000, 0x00000000e0600000|100%| O|  |TAMS 0x00000000e0600000, 0x00000000e0500000| Untracked 
|   6|0x00000000e0600000, 0x00000000e0700000, 0x00000000e0700000|100%| O|  |TAMS 0x00000000e0700000, 0x00000000e0600000| Untracked 
|   7|0x00000000e0700000, 0x00000000e0800000, 0x00000000e0800000|100%| O|  |TAMS 0x00000000e0800000, 0x00000000e0700000| Updating 
|   8|0x00000000e0800000, 0x00000000e0900000, 0x00000000e0900000|100%| O|  |TAMS 0x00000000e0900000, 0x00000000e0800000| Untracked 
|   9|0x00000000e0900000, 0x00000000e0a00000, 0x00000000e0a00000|100%| O|  |TAMS 0x00000000e0a00000, 0x00000000e0900000| Untracked 
|  10|0x00000000e0a00000, 0x00000000e0b00000, 0x00000000e0b00000|100%| O|  |TAMS 0x00000000e0b00000, 0x00000000e0a00000| Untracked 
|  11|0x00000000e0b00000, 0x00000000e0c00000, 0x00000000e0c00000|100%| O|  |TAMS 0x00000000e0c00000, 0x00000000e0b00000| Untracked 
|  12|0x00000000e0c00000, 0x00000000e0d00000, 0x00000000e0d00000|100%| O|  |TAMS 0x00000000e0d00000, 0x00000000e0c00000| Untracked 
|  13|0x00000000e0d00000, 0x00000000e0e00000, 0x00000000e0e00000|100%| O|  |TAMS 0x00000000e0e00000, 0x00000000e0d00000| Untracked 
|  14|0x00000000e0e00000, 0x00000000e0f00000, 0x00000000e0f00000|100%| O|  |TAMS 0x00000000e0f00000, 0x00000000e0e00000| Untracked 
|  15|0x00000000e0f00000, 0x00000000e1000000, 0x00000000e1000000|100%| O|  |TAMS 0x00000000e1000000, 0x00000000e0f00000| Untracked 
|  16|0x00000000e1000000, 0x00000000e1100000, 0x00000000e1100000|100%| O|  |TAMS 0x00000000e1100000, 0x00000000e1000000| Untracked 
|  17|0x00000000e1100000, 0x00000000e1200000, 0x00000000e1200000|100%| O|  |TAMS 0x00000000e1200000, 0x00000000e1100000| Untracked 
|  18|0x00000000e1200000, 0x00000000e1300000, 0x00000000e1300000|100%| O|  |TAMS 0x00000000e1300000, 0x00000000e1200000| Untracked 
|  19|0x00000000e1300000, 0x00000000e1400000, 0x00000000e1400000|100%| O|  |TAMS 0x00000000e1400000, 0x00000000e1300000| Untracked 
|  20|0x00000000e1400000, 0x00000000e1500000, 0x00000000e1500000|100%| O|  |TAMS 0x00000000e1500000, 0x00000000e1400000| Updating 
|  21|0x00000000e1500000, 0x00000000e1600000, 0x00000000e1600000|100%| O|  |TAMS 0x00000000e1600000, 0x00000000e1500000| Untracked 
|  22|0x00000000e1600000, 0x00000000e1700000, 0x00000000e1700000|100%| O|  |TAMS 0x00000000e1700000, 0x00000000e1600000| Updating 
|  23|0x00000000e1700000, 0x00000000e1800000, 0x00000000e1800000|100%| O|  |TAMS 0x00000000e1800000, 0x00000000e1700000| Untracked 
|  24|0x00000000e1800000, 0x00000000e1900000, 0x00000000e1900000|100%| O|  |TAMS 0x00000000e1900000, 0x00000000e1800000| Untracked 
|  25|0x00000000e1900000, 0x00000000e1a00000, 0x00000000e1a00000|100%| O|  |TAMS 0x00000000e1a00000, 0x00000000e1900000| Untracked 
|  26|0x00000000e1a00000, 0x00000000e1b00000, 0x00000000e1b00000|100%| O|  |TAMS 0x00000000e1b00000, 0x00000000e1a00000| Updating 
|  27|0x00000000e1b00000, 0x00000000e1c00000, 0x00000000e1c00000|100%| O|  |TAMS 0x00000000e1c00000, 0x00000000e1b00000| Updating 
|  28|0x00000000e1c00000, 0x00000000e1d00000, 0x00000000e1d00000|100%| O|  |TAMS 0x00000000e1d00000, 0x00000000e1c00000| Untracked 
|  29|0x00000000e1d00000, 0x00000000e1e00000, 0x00000000e1e00000|100%| O|  |TAMS 0x00000000e1deec00, 0x00000000e1d00000| Untracked 
|  30|0x00000000e1e00000, 0x00000000e1f00000, 0x00000000e1f00000|100%| O|  |TAMS 0x00000000e1f00000, 0x00000000e1e00000| Untracked 
|  31|0x00000000e1f00000, 0x00000000e2000000, 0x00000000e2000000|100%| O|  |TAMS 0x00000000e2000000, 0x00000000e1f00000| Untracked 
|  32|0x00000000e2000000, 0x00000000e2100000, 0x00000000e2100000|100%| O|  |TAMS 0x00000000e2100000, 0x00000000e2000000| Untracked 
|  33|0x00000000e2100000, 0x00000000e2200000, 0x00000000e2200000|100%| O|  |TAMS 0x00000000e2200000, 0x00000000e2100000| Untracked 
|  34|0x00000000e2200000, 0x00000000e2300000, 0x00000000e2300000|100%| O|  |TAMS 0x00000000e2300000, 0x00000000e2200000| Untracked 
|  35|0x00000000e2300000, 0x00000000e2400000, 0x00000000e2400000|100%| O|  |TAMS 0x00000000e2400000, 0x00000000e2300000| Updating 
|  36|0x00000000e2400000, 0x00000000e2500000, 0x00000000e2500000|100%| O|  |TAMS 0x00000000e2500000, 0x00000000e2400000| Untracked 
|  37|0x00000000e2500000, 0x00000000e2600000, 0x00000000e2600000|100%| O|  |TAMS 0x00000000e2600000, 0x00000000e2500000| Updating 
|  38|0x00000000e2600000, 0x00000000e2700000, 0x00000000e2700000|100%| O|  |TAMS 0x00000000e2700000, 0x00000000e2600000| Untracked 
|  39|0x00000000e2700000, 0x00000000e2800000, 0x00000000e2800000|100%| O|  |TAMS 0x00000000e2800000, 0x00000000e2700000| Untracked 
|  40|0x00000000e2800000, 0x00000000e2900000, 0x00000000e2900000|100%| O|  |TAMS 0x00000000e2900000, 0x00000000e2800000| Untracked 
|  41|0x00000000e2900000, 0x00000000e2a00000, 0x00000000e2a00000|100%| O|  |TAMS 0x00000000e2a00000, 0x00000000e2900000| Untracked 
|  42|0x00000000e2a00000, 0x00000000e2b00000, 0x00000000e2b00000|100%| O|  |TAMS 0x00000000e2b00000, 0x00000000e2a00000| Untracked 
|  43|0x00000000e2b00000, 0x00000000e2c00000, 0x00000000e2c00000|100%| O|  |TAMS 0x00000000e2c00000, 0x00000000e2b00000| Untracked 
|  44|0x00000000e2c00000, 0x00000000e2d00000, 0x00000000e2d00000|100%| O|  |TAMS 0x00000000e2d00000, 0x00000000e2c00000| Untracked 
|  45|0x00000000e2d00000, 0x00000000e2e00000, 0x00000000e2e00000|100%| O|  |TAMS 0x00000000e2e00000, 0x00000000e2d00000| Untracked 
|  46|0x00000000e2e00000, 0x00000000e2e83600, 0x00000000e2f00000| 51%| O|  |TAMS 0x00000000e2e00000, 0x00000000e2e00000| Updating 
|  47|0x00000000e2f00000, 0x00000000e2f00000, 0x00000000e3000000|  0%| F|  |TAMS 0x00000000e2f00000, 0x00000000e2f00000| Untracked 
|  48|0x00000000e3000000, 0x00000000e3000000, 0x00000000e3100000|  0%| F|  |TAMS 0x00000000e3000000, 0x00000000e3000000| Untracked 
|  49|0x00000000e3100000, 0x00000000e3100000, 0x00000000e3200000|  0%| F|  |TAMS 0x00000000e3100000, 0x00000000e3100000| Untracked 
|  50|0x00000000e3200000, 0x00000000e3200000, 0x00000000e3300000|  0%| F|  |TAMS 0x00000000e3200000, 0x00000000e3200000| Untracked 
|  51|0x00000000e3300000, 0x00000000e3300000, 0x00000000e3400000|  0%| F|  |TAMS 0x00000000e3300000, 0x00000000e3300000| Untracked 
|  52|0x00000000e3400000, 0x00000000e3400000, 0x00000000e3500000|  0%| F|  |TAMS 0x00000000e3400000, 0x00000000e3400000| Untracked 
|  53|0x00000000e3500000, 0x00000000e3500000, 0x00000000e3600000|  0%| F|  |TAMS 0x00000000e3500000, 0x00000000e3500000| Untracked 
|  54|0x00000000e3600000, 0x00000000e3600000, 0x00000000e3700000|  0%| F|  |TAMS 0x00000000e3600000, 0x00000000e3600000| Untracked 
|  55|0x00000000e3700000, 0x00000000e3700000, 0x00000000e3800000|  0%| F|  |TAMS 0x00000000e3700000, 0x00000000e3700000| Untracked 
|  56|0x00000000e3800000, 0x00000000e3800000, 0x00000000e3900000|  0%| F|  |TAMS 0x00000000e3800000, 0x00000000e3800000| Untracked 
|  57|0x00000000e3900000, 0x00000000e3a00000, 0x00000000e3a00000|100%| S|CS|TAMS 0x00000000e3900000, 0x00000000e3900000| Complete 
|  58|0x00000000e3a00000, 0x00000000e3b00000, 0x00000000e3b00000|100%| S|CS|TAMS 0x00000000e3a00000, 0x00000000e3a00000| Complete 
|  59|0x00000000e3b00000, 0x00000000e3c00000, 0x00000000e3c00000|100%| S|CS|TAMS 0x00000000e3b00000, 0x00000000e3b00000| Complete 
|  60|0x00000000e3c00000, 0x00000000e3c00000, 0x00000000e3d00000|  0%| F|  |TAMS 0x00000000e3c00000, 0x00000000e3c00000| Untracked 
|  61|0x00000000e3d00000, 0x00000000e3d00000, 0x00000000e3e00000|  0%| F|  |TAMS 0x00000000e3d00000, 0x00000000e3d00000| Untracked 
|  62|0x00000000e3e00000, 0x00000000e3e00000, 0x00000000e3f00000|  0%| F|  |TAMS 0x00000000e3e00000, 0x00000000e3e00000| Untracked 
|  63|0x00000000e3f00000, 0x00000000e3f00000, 0x00000000e4000000|  0%| F|  |TAMS 0x00000000e3f00000, 0x00000000e3f00000| Untracked 
|  64|0x00000000e4000000, 0x00000000e4000000, 0x00000000e4100000|  0%| F|  |TAMS 0x00000000e4000000, 0x00000000e4000000| Untracked 
|  65|0x00000000e4100000, 0x00000000e4100000, 0x00000000e4200000|  0%| F|  |TAMS 0x00000000e4100000, 0x00000000e4100000| Untracked 
|  66|0x00000000e4200000, 0x00000000e4200000, 0x00000000e4300000|  0%| F|  |TAMS 0x00000000e4200000, 0x00000000e4200000| Untracked 
|  67|0x00000000e4300000, 0x00000000e4300000, 0x00000000e4400000|  0%| F|  |TAMS 0x00000000e4300000, 0x00000000e4300000| Untracked 
|  68|0x00000000e4400000, 0x00000000e4400000, 0x00000000e4500000|  0%| F|  |TAMS 0x00000000e4400000, 0x00000000e4400000| Untracked 
|  69|0x00000000e4500000, 0x00000000e4500000, 0x00000000e4600000|  0%| F|  |TAMS 0x00000000e4500000, 0x00000000e4500000| Untracked 
|  70|0x00000000e4600000, 0x00000000e4600000, 0x00000000e4700000|  0%| F|  |TAMS 0x00000000e4600000, 0x00000000e4600000| Untracked 
|  71|0x00000000e4700000, 0x00000000e4700000, 0x00000000e4800000|  0%| F|  |TAMS 0x00000000e4700000, 0x00000000e4700000| Untracked 
|  72|0x00000000e4800000, 0x00000000e4800000, 0x00000000e4900000|  0%| F|  |TAMS 0x00000000e4800000, 0x00000000e4800000| Untracked 
|  73|0x00000000e4900000, 0x00000000e4900000, 0x00000000e4a00000|  0%| F|  |TAMS 0x00000000e4900000, 0x00000000e4900000| Untracked 
|  74|0x00000000e4a00000, 0x00000000e4a00000, 0x00000000e4b00000|  0%| F|  |TAMS 0x00000000e4a00000, 0x00000000e4a00000| Untracked 
| 130|0x00000000e8200000, 0x00000000e8200000, 0x00000000e8300000|  0%| F|  |TAMS 0x00000000e8200000, 0x00000000e8200000| Untracked 
| 131|0x00000000e8300000, 0x00000000e8300000, 0x00000000e8400000|  0%| F|  |TAMS 0x00000000e8300000, 0x00000000e8300000| Untracked 
| 132|0x00000000e8400000, 0x00000000e8400000, 0x00000000e8500000|  0%| F|  |TAMS 0x00000000e8400000, 0x00000000e8400000| Untracked 
| 133|0x00000000e8500000, 0x00000000e8500000, 0x00000000e8600000|  0%| F|  |TAMS 0x00000000e8500000, 0x00000000e8500000| Untracked 
| 134|0x00000000e8600000, 0x00000000e86ac990, 0x00000000e8700000| 67%| E|  |TAMS 0x00000000e8600000, 0x00000000e8600000| Complete 
| 190|0x00000000ebe00000, 0x00000000ebf00000, 0x00000000ebf00000|100%| E|CS|TAMS 0x00000000ebe00000, 0x00000000ebe00000| Complete 
| 191|0x00000000ebf00000, 0x00000000ec000000, 0x00000000ec000000|100%| E|CS|TAMS 0x00000000ebf00000, 0x00000000ebf00000| Complete 

Card table byte_map: [0x00000253c4c20000,0x00000253c4d20000] _byte_map_base: 0x00000253c4520000

Marking Bits (Prev, Next): (CMBitMap*) 0x00000253ae453d40, (CMBitMap*) 0x00000253ae453d00
 Prev Bits: [0x00000253c5620000, 0x00000253c5e20000)
 Next Bits: [0x00000253c4e20000, 0x00000253c5620000)

Polling page: 0x00000253adbf0000

Metaspace:

Usage:
  Non-class:     50.76 MB used.
      Class:      8.20 MB used.
       Both:     58.96 MB used.

Virtual space:
  Non-class space:       56.00 MB reserved,      51.00 MB ( 91%) committed,  7 nodes.
      Class space:        1.00 GB reserved,       8.38 MB ( <1%) committed,  1 nodes.
             Both:        1.05 GB reserved,      59.38 MB (  5%) committed. 

Chunk freelists:
   Non-Class:  512.00 KB
       Class:  3.58 MB
        Both:  4.08 MB

MaxMetaspaceSize: unlimited
CompressedClassSpaceSize: 1.00 GB
Initial GC threshold: 21.00 MB
Current GC threshold: 92.94 MB
CDS: on
MetaspaceReclaimPolicy: balanced
 - commit_granule_bytes: 65536.
 - commit_granule_words: 8192.
 - virtual_space_node_default_size: 1048576.
 - enlarge_chunks_in_place: 1.
 - new_chunks_are_fully_committed: 0.
 - uncommit_free_chunks: 1.
 - use_allocation_guard: 0.
 - handle_deallocations: 1.


Internal statistics:

num_allocs_failed_limit: 6.
num_arena_births: 606.
num_arena_deaths: 0.
num_vsnodes_births: 8.
num_vsnodes_deaths: 0.
num_space_committed: 950.
num_space_uncommitted: 0.
num_chunks_returned_to_freelist: 6.
num_chunks_taken_from_freelist: 2763.
num_chunk_merges: 6.
num_chunk_splits: 1897.
num_chunks_enlarged: 1454.
num_purges: 0.
num_inconsistent_stats: 0.

CodeHeap 'non-profiled nmethods': size=120000Kb used=3838Kb max_used=3838Kb free=116161Kb
 bounds [0x00000253bd6f0000, 0x00000253bdab0000, 0x00000253c4c20000]
CodeHeap 'profiled nmethods': size=120000Kb used=11259Kb max_used=11259Kb free=108740Kb
 bounds [0x00000253b61c0000, 0x00000253b6cc0000, 0x00000253bd6f0000]
CodeHeap 'non-nmethods': size=5760Kb used=1283Kb max_used=1319Kb free=4476Kb
 bounds [0x00000253b5c20000, 0x00000253b5e90000, 0x00000253b61c0000]
 total_blobs=6106 nmethods=5503 adapters=514
 compilation: enabled
              stopped_count=0, restarted_count=0
 full_count=0

Compilation events (20 events):
Event: 19.871 Thread 0x00000253cb5872e0 nmethod 6183 0x00000253bdaa1690 code [0x00000253bdaa2060, 0x00000253bdaa99c0]
Event: 19.871 Thread 0x00000253cb5872e0 6185       4       java.util.HashMap::valuesToArray (81 bytes)
Event: 19.880 Thread 0x00000253cb5872e0 nmethod 6185 0x00000253bdaaec10 code [0x00000253bdaaeda0, 0x00000253bdaaf318]
Event: 19.881 Thread 0x00000253cb5872e0 6214   !   4       org.springframework.beans.factory.support.DefaultListableBeanFactory::doGetBeanNamesForType (511 bytes)
Event: 19.941 Thread 0x00000253c83dec50 6292       1       com.sun.org.apache.xalan.internal.utils.XMLSecurityManager$Limit::systemProperty (5 bytes)
Event: 19.941 Thread 0x00000253c83dec50 nmethod 6292 0x00000253bdaaf510 code [0x00000253bdaaf6a0, 0x00000253bdaaf778]
Event: 19.949 Thread 0x00000253c83dec50 6293       2       java.net.URI$Parser::scan (41 bytes)
Event: 19.950 Thread 0x00000253c83dec50 nmethod 6293 0x00000253b6cba890 code [0x00000253b6cbaa60, 0x00000253b6cbadd8]
Event: 19.950 Thread 0x00000253c83dec50 6294   !   2       org.springframework.beans.BeanUtils::instantiateClass (187 bytes)
Event: 19.951 Thread 0x00000253c83dec50 nmethod 6294 0x00000253b6cbb090 code [0x00000253b6cbb320, 0x00000253b6cbbe18]
Event: 20.030 Thread 0x00000253c83dec50 6295       2       java.util.TreeMap$KeySpliterator::tryAdvance (85 bytes)
Event: 20.031 Thread 0x00000253c83dec50 nmethod 6295 0x00000253b6cbc910 code [0x00000253b6cbcb00, 0x00000253b6cbcee8]
Event: 20.031 Thread 0x00000253c83dec50 6296       2       sun.management.LazyCompositeData::isTypeMatched (46 bytes)
Event: 20.032 Thread 0x00000253c83dec50 nmethod 6296 0x00000253b6cbd090 code [0x00000253b6cbd300, 0x00000253b6cbdb68]
Event: 20.032 Thread 0x00000253c83dec50 6297       2       java.util.ComparableTimSort::sort (219 bytes)
Event: 20.033 Thread 0x00000253c83dec50 nmethod 6297 0x00000253b6cbe010 code [0x00000253b6cbe220, 0x00000253b6cbe6b8]
Event: 20.147 Thread 0x00000253c83dec50 6298       2       java.util.concurrent.ConcurrentHashMap::get (162 bytes)
Event: 20.148 Thread 0x00000253c83dec50 nmethod 6298 0x00000253b6cbea10 code [0x00000253b6cbec20, 0x00000253b6cbf168]
Event: 20.169 Thread 0x00000253c83dec50 6299       1       com.fasterxml.jackson.databind.JavaType::getRawClass (5 bytes)
Event: 20.169 Thread 0x00000253c83dec50 nmethod 6299 0x00000253bdaaf810 code [0x00000253bdaaf9a0, 0x00000253bdaafa78]

GC Heap History (20 events):
Event: 14.636 GC heap before
{Heap before GC invocations=16 (full 0):
 garbage-first heap   total 75776K, used 59042K [0x00000000e0000000, 0x0000000100000000)
  region size 1024K, 23 young (23552K), 2 survivors (2048K)
 Metaspace       used 52577K, committed 52992K, reserved 1097728K
  class space    used 7257K, committed 7488K, reserved 1048576K
}
Event: 14.645 GC heap after
{Heap after GC invocations=17 (full 0):
 garbage-first heap   total 75776K, used 39789K [0x00000000e0000000, 0x0000000100000000)
  region size 1024K, 3 young (3072K), 3 survivors (3072K)
 Metaspace       used 52577K, committed 52992K, reserved 1097728K
  class space    used 7257K, committed 7488K, reserved 1048576K
}
Event: 15.621 GC heap before
{Heap before GC invocations=17 (full 0):
 garbage-first heap   total 75776K, used 59245K [0x00000000e0000000, 0x0000000100000000)
  region size 1024K, 22 young (22528K), 3 survivors (3072K)
 Metaspace       used 53133K, committed 53568K, reserved 1097728K
  class space    used 7348K, committed 7552K, reserved 1048576K
}
Event: 15.626 GC heap after
{Heap after GC invocations=18 (full 0):
 garbage-first heap   total 75776K, used 41321K [0x00000000e0000000, 0x0000000100000000)
  region size 1024K, 2 young (2048K), 2 survivors (2048K)
 Metaspace       used 53133K, committed 53568K, reserved 1097728K
  class space    used 7348K, committed 7552K, reserved 1048576K
}
Event: 16.154 GC heap before
{Heap before GC invocations=19 (full 0):
 garbage-first heap   total 76800K, used 59753K [0x00000000e0000000, 0x0000000100000000)
  region size 1024K, 20 young (20480K), 2 survivors (2048K)
 Metaspace       used 53539K, committed 53952K, reserved 1097728K
  class space    used 7404K, committed 7616K, reserved 1048576K
}
Event: 16.161 GC heap after
{Heap after GC invocations=20 (full 0):
 garbage-first heap   total 76800K, used 42505K [0x00000000e0000000, 0x0000000100000000)
  region size 1024K, 3 young (3072K), 3 survivors (3072K)
 Metaspace       used 53539K, committed 53952K, reserved 1097728K
  class space    used 7404K, committed 7616K, reserved 1048576K
}
Event: 16.189 GC heap before
{Heap before GC invocations=20 (full 0):
 garbage-first heap   total 76800K, used 43529K [0x00000000e0000000, 0x0000000100000000)
  region size 1024K, 4 young (4096K), 3 survivors (3072K)
 Metaspace       used 53546K, committed 53952K, reserved 1097728K
  class space    used 7404K, committed 7616K, reserved 1048576K
}
Event: 16.194 GC heap after
{Heap after GC invocations=21 (full 0):
 garbage-first heap   total 76800K, used 42866K [0x00000000e0000000, 0x0000000100000000)
  region size 1024K, 1 young (1024K), 1 survivors (1024K)
 Metaspace       used 53546K, committed 53952K, reserved 1097728K
  class space    used 7404K, committed 7616K, reserved 1048576K
}
Event: 16.814 GC heap before
{Heap before GC invocations=21 (full 0):
 garbage-first heap   total 76800K, used 62322K [0x00000000e0000000, 0x0000000100000000)
  region size 1024K, 20 young (20480K), 1 survivors (1024K)
 Metaspace       used 54507K, committed 54912K, reserved 1097728K
  class space    used 7535K, committed 7744K, reserved 1048576K
}
Event: 16.818 GC heap after
{Heap after GC invocations=22 (full 0):
 garbage-first heap   total 76800K, used 44137K [0x00000000e0000000, 0x0000000100000000)
  region size 1024K, 2 young (2048K), 2 survivors (2048K)
 Metaspace       used 54507K, committed 54912K, reserved 1097728K
  class space    used 7535K, committed 7744K, reserved 1048576K
}
Event: 17.643 GC heap before
{Heap before GC invocations=23 (full 0):
 garbage-first heap   total 78848K, used 62569K [0x00000000e0000000, 0x0000000100000000)
  region size 1024K, 20 young (20480K), 2 survivors (2048K)
 Metaspace       used 55476K, committed 55872K, reserved 1097728K
  class space    used 7676K, committed 7872K, reserved 1048576K
}
Event: 17.653 GC heap after
{Heap after GC invocations=24 (full 0):
 garbage-first heap   total 78848K, used 45737K [0x00000000e0000000, 0x0000000100000000)
  region size 1024K, 2 young (2048K), 2 survivors (2048K)
 Metaspace       used 55476K, committed 55872K, reserved 1097728K
  class space    used 7676K, committed 7872K, reserved 1048576K
}
Event: 17.704 GC heap before
{Heap before GC invocations=24 (full 0):
 garbage-first heap   total 78848K, used 45737K [0x00000000e0000000, 0x0000000100000000)
  region size 1024K, 3 young (3072K), 2 survivors (2048K)
 Metaspace       used 55657K, committed 56128K, reserved 1097728K
  class space    used 7703K, committed 7936K, reserved 1048576K
}
Event: 17.710 GC heap after
{Heap after GC invocations=25 (full 0):
 garbage-first heap   total 78848K, used 45356K [0x00000000e0000000, 0x0000000100000000)
  region size 1024K, 1 young (1024K), 1 survivors (1024K)
 Metaspace       used 55657K, committed 56128K, reserved 1097728K
  class space    used 7703K, committed 7936K, reserved 1048576K
}
Event: 18.631 GC heap before
{Heap before GC invocations=25 (full 0):
 garbage-first heap   total 78848K, used 63788K [0x00000000e0000000, 0x0000000100000000)
  region size 1024K, 19 young (19456K), 1 survivors (1024K)
 Metaspace       used 56504K, committed 57024K, reserved 1105920K
  class space    used 7838K, committed 8064K, reserved 1048576K
}
Event: 18.635 GC heap after
{Heap after GC invocations=26 (full 0):
 garbage-first heap   total 78848K, used 47038K [0x00000000e0000000, 0x0000000100000000)
  region size 1024K, 2 young (2048K), 2 survivors (2048K)
 Metaspace       used 56504K, committed 57024K, reserved 1105920K
  class space    used 7838K, committed 8064K, reserved 1048576K
}
Event: 19.228 GC heap before
{Heap before GC invocations=27 (full 0):
 garbage-first heap   total 83968K, used 63422K [0x00000000e0000000, 0x0000000100000000)
  region size 1024K, 18 young (18432K), 2 survivors (2048K)
 Metaspace       used 56910K, committed 57408K, reserved 1105920K
  class space    used 7903K, committed 8128K, reserved 1048576K
}
Event: 19.234 GC heap after
{Heap after GC invocations=28 (full 0):
 garbage-first heap   total 83968K, used 48587K [0x00000000e0000000, 0x0000000100000000)
  region size 1024K, 2 young (2048K), 2 survivors (2048K)
 Metaspace       used 56910K, committed 57408K, reserved 1105920K
  class space    used 7903K, committed 8128K, reserved 1048576K
}
Event: 20.022 GC heap before
{Heap before GC invocations=28 (full 0):
 garbage-first heap   total 83968K, used 69067K [0x00000000e0000000, 0x0000000100000000)
  region size 1024K, 22 young (22528K), 2 survivors (2048K)
 Metaspace       used 59835K, committed 60224K, reserved 1105920K
  class space    used 8327K, committed 8512K, reserved 1048576K
}
Event: 20.029 GC heap after
{Heap after GC invocations=29 (full 0):
 garbage-first heap   total 83968K, used 50701K [0x00000000e0000000, 0x0000000100000000)
  region size 1024K, 3 young (3072K), 3 survivors (3072K)
 Metaspace       used 59835K, committed 60224K, reserved 1105920K
  class space    used 8327K, committed 8512K, reserved 1048576K
}

Deoptimization events (20 events):
Event: 19.424 Thread 0x00000253ae42d800 Uncommon trap: trap_request=0xffffffbe fr.pc=0x00000253bd942ab8 relative=0x0000000000003158
Event: 19.424 Thread 0x00000253ae42d800 Uncommon trap: reason=profile_predicate action=maybe_recompile pc=0x00000253bd942ab8 method=org.springframework.beans.factory.support.DefaultListableBeanFactory.doGetBeanNamesForType(Lorg/springframework/core/ResolvableType;ZZ)[Ljava/lang/String; @ 20 c2
Event: 19.424 Thread 0x00000253ae42d800 DEOPT PACKING pc=0x00000253bd942ab8 sp=0x000000c45f1fa2a0
Event: 19.424 Thread 0x00000253ae42d800 DEOPT UNPACKING pc=0x00000253b5c723a3 sp=0x000000c45f1fa2a0 mode 2
Event: 19.614 Thread 0x00000253ae42d800 Uncommon trap: trap_request=0xfffffff4 fr.pc=0x00000253bd8a66e0 relative=0x0000000000000a20
Event: 19.614 Thread 0x00000253ae42d800 Uncommon trap: reason=null_check action=make_not_entrant pc=0x00000253bd8a66e0 method=java.util.AbstractCollection.toArray([Ljava/lang/Object;)[Ljava/lang/Object; @ 116 c2
Event: 19.614 Thread 0x00000253ae42d800 DEOPT PACKING pc=0x00000253bd8a66e0 sp=0x000000c45f1f7420
Event: 19.614 Thread 0x00000253ae42d800 DEOPT UNPACKING pc=0x00000253b5c723a3 sp=0x000000c45f1f73f0 mode 2
Event: 19.794 Thread 0x00000253ae42d800 Uncommon trap: trap_request=0xffffff45 fr.pc=0x00000253bd7c9f84 relative=0x0000000000001264
Event: 19.794 Thread 0x00000253ae42d800 Uncommon trap: reason=unstable_if action=reinterpret pc=0x00000253bd7c9f84 method=java.util.concurrent.ConcurrentHashMap.putVal(Ljava/lang/Object;Ljava/lang/Object;Z)Ljava/lang/Object; @ 245 c2
Event: 19.794 Thread 0x00000253ae42d800 DEOPT PACKING pc=0x00000253bd7c9f84 sp=0x000000c45f1f8450
Event: 19.794 Thread 0x00000253ae42d800 DEOPT UNPACKING pc=0x00000253b5c723a3 sp=0x000000c45f1f83c8 mode 2
Event: 19.798 Thread 0x00000253ae42d800 Uncommon trap: trap_request=0xffffff45 fr.pc=0x00000253bd8b29d4 relative=0x0000000000001294
Event: 19.798 Thread 0x00000253ae42d800 Uncommon trap: reason=unstable_if action=reinterpret pc=0x00000253bd8b29d4 method=java.util.concurrent.ConcurrentHashMap.transfer([Ljava/util/concurrent/ConcurrentHashMap$Node;[Ljava/util/concurrent/ConcurrentHashMap$Node;)V @ 352 c2
Event: 19.798 Thread 0x00000253ae42d800 DEOPT PACKING pc=0x00000253bd8b29d4 sp=0x000000c45f1f82b0
Event: 19.798 Thread 0x00000253ae42d800 DEOPT UNPACKING pc=0x00000253b5c723a3 sp=0x000000c45f1f8248 mode 2
Event: 20.146 Thread 0x00000253ae42d800 Uncommon trap: trap_request=0xffffff45 fr.pc=0x00000253bd8528dc relative=0x00000000000002bc
Event: 20.146 Thread 0x00000253ae42d800 Uncommon trap: reason=unstable_if action=reinterpret pc=0x00000253bd8528dc method=java.util.concurrent.ConcurrentHashMap.get(Ljava/lang/Object;)Ljava/lang/Object; @ 152 c2
Event: 20.146 Thread 0x00000253ae42d800 DEOPT PACKING pc=0x00000253bd8528dc sp=0x000000c45f1f74d0
Event: 20.147 Thread 0x00000253ae42d800 DEOPT UNPACKING pc=0x00000253b5c723a3 sp=0x000000c45f1f7448 mode 2

Classes unloaded (0 events):
No events

Classes redefined (0 events):
No events

Internal exceptions (20 events):
Event: 19.351 Thread 0x00000253ae42d800 Exception <a 'java/lang/ClassNotFoundException'{0x00000000e8311b48}: org/springframework/beans/factory/AwareCustomizer> (0x00000000e8311b48) 
thrown [t:\workspace\open\src\hotspot\share\classfile\systemDictionary.cpp, line 256]
Event: 19.352 Thread 0x00000253ae42d800 Exception <a 'java/lang/ClassNotFoundException'{0x00000000e8319e30}: org/springframework/integration/support/context/NamedComponentCustomizer> (0x00000000e8319e30) 
thrown [t:\workspace\open\src\hotspot\share\classfile\systemDictionary.cpp, line 256]
Event: 19.353 Thread 0x00000253ae42d800 Exception <a 'java/lang/ClassNotFoundException'{0x00000000e8323e80}: org/springframework/context/ApplicationContextAwareCustomizer> (0x00000000e8323e80) 
thrown [t:\workspace\open\src\hotspot\share\classfile\systemDictionary.cpp, line 256]
Event: 19.354 Thread 0x00000253ae42d800 Exception <a 'java/lang/ClassNotFoundException'{0x00000000e832cdf0}: org/springframework/beans/factory/AwareCustomizer> (0x00000000e832cdf0) 
thrown [t:\workspace\open\src\hotspot\share\classfile\systemDictionary.cpp, line 256]
Event: 19.355 Thread 0x00000253ae42d800 Exception <a 'java/lang/ClassNotFoundException'{0x00000000e8334b70}: org/springframework/beans/factory/BeanFactoryAwareCustomizer> (0x00000000e8334b70) 
thrown [t:\workspace\open\src\hotspot\share\classfile\systemDictionary.cpp, line 256]
Event: 19.356 Thread 0x00000253ae42d800 Exception <a 'java/lang/ClassNotFoundException'{0x00000000e833dae0}: org/springframework/beans/factory/AwareCustomizer> (0x00000000e833dae0) 
thrown [t:\workspace\open\src\hotspot\share\classfile\systemDictionary.cpp, line 256]
Event: 19.357 Thread 0x00000253ae42d800 Exception <a 'java/lang/ClassNotFoundException'{0x00000000e8345860}: org/springframework/beans/factory/InitializingBeanCustomizer> (0x00000000e8345860) 
thrown [t:\workspace\open\src\hotspot\share\classfile\systemDictionary.cpp, line 256]
Event: 19.358 Thread 0x00000253ae42d800 Exception <a 'java/lang/ClassNotFoundException'{0x00000000e834e050}: org/springframework/integration/context/ExpressionCapableCustomizer> (0x00000000e834e050) 
thrown [t:\workspace\open\src\hotspot\share\classfile\systemDictionary.cpp, line 256]
Event: 19.401 Thread 0x00000253ae42d800 Exception <a 'java/lang/NoSuchMethodError'{0x00000000e829c8e0}: 'java.lang.Object java.lang.invoke.DirectMethodHandle$Holder.newInvokeSpecial(java.lang.Object, java.lang.Object, int, java.lang.Object, java.lang.Object)'> (0x00000000e829c8e0) 
thrown [t:\workspace\open\src\hotspot\share\interpreter\linkResolver.cpp, line 766]
Event: 19.402 Thread 0x00000253ae42d800 Exception <a 'java/lang/NoSuchMethodError'{0x00000000e82a83a8}: 'java.lang.Object java.lang.invoke.DirectMethodHandle$Holder.invokeSpecial(java.lang.Object, java.lang.Object, int, java.lang.Object, int, java.lang.Object)'> (0x00000000e82a83a8) 
thrown [t:\workspace\open\src\hotspot\share\interpreter\linkResolver.cpp, line 766]
Event: 19.403 Thread 0x00000253ae42d800 Exception <a 'java/lang/NoSuchMethodError'{0x00000000e82b09a0}: 'java.lang.Object java.lang.invoke.DirectMethodHandle$Holder.newInvokeSpecial(java.lang.Object, java.lang.Object, int, java.lang.Object, int)'> (0x00000000e82b09a0) 
thrown [t:\workspace\open\src\hotspot\share\interpreter\linkResolver.cpp, line 766]
Event: 19.403 Thread 0x00000253ae42d800 Exception <a 'java/lang/NoSuchMethodError'{0x00000000e82b4ff0}: 'java.lang.Object java.lang.invoke.DirectMethodHandle$Holder.invokeSpecial(java.lang.Object, java.lang.Object, java.lang.Object, int, java.lang.Object, int)'> (0x00000000e82b4ff0) 
thrown [t:\workspace\open\src\hotspot\share\interpreter\linkResolver.cpp, line 766]
Event: 19.414 Thread 0x00000253ae42d800 Exception <a 'java/lang/ClassNotFoundException'{0x00000000e82decd8}: java/lang/ObjectCustomizer> (0x00000000e82decd8) 
thrown [t:\workspace\open\src\hotspot\share\classfile\systemDictionary.cpp, line 256]
Event: 19.415 Thread 0x00000253ae42d800 Exception <a 'java/lang/ClassNotFoundException'{0x00000000e82eaee0}: org/springframework/cloud/netflix/eureka/serviceregistry/EurekaRegistrationCustomizer> (0x00000000e82eaee0) 
thrown [t:\workspace\open\src\hotspot\share\classfile\systemDictionary.cpp, line 256]
Event: 19.417 Thread 0x00000253ae42d800 Exception <a 'java/lang/ClassNotFoundException'{0x00000000e4a0dff8}: org/springframework/cloud/client/serviceregistry/RegistrationCustomizer> (0x00000000e4a0dff8) 
thrown [t:\workspace\open\src\hotspot\share\classfile\systemDictionary.cpp, line 256]
Event: 19.417 Thread 0x00000253ae42d800 Exception <a 'java/lang/ClassNotFoundException'{0x00000000e4a16a80}: org/springframework/cloud/client/ServiceInstanceCustomizer> (0x00000000e4a16a80) 
thrown [t:\workspace\open\src\hotspot\share\classfile\systemDictionary.cpp, line 256]
Event: 19.437 Thread 0x00000253ae42d800 Exception <a 'java/lang/ClassNotFoundException'{0x00000000e4a7f840}: java/lang/ObjectCustomizer> (0x00000000e4a7f840) 
thrown [t:\workspace\open\src\hotspot\share\classfile\systemDictionary.cpp, line 256]
Event: 19.439 Thread 0x00000253ae42d800 Exception <a 'java/lang/ClassNotFoundException'{0x00000000e4a8ac88}: com/netflix/appinfo/ApplicationInfoManagerCustomizer> (0x00000000e4a8ac88) 
thrown [t:\workspace\open\src\hotspot\share\classfile\systemDictionary.cpp, line 256]
Event: 19.565 Thread 0x00000253ae42d800 Exception <a 'java/lang/IncompatibleClassChangeError'{0x00000000e48a63b0}: Found class java.lang.Object, but interface was expected> (0x00000000e48a63b0) 
thrown [t:\workspace\open\src\hotspot\share\interpreter\linkResolver.cpp, line 833]
Event: 19.614 Thread 0x00000253ae42d800 Implicit null exception at 0x00000253bd8a5efe to 0x00000253bd8a66c0

VM Operations (20 events):
Event: 19.721 Executing VM operation: ICBufferFull done
Event: 19.732 Executing VM operation: ICBufferFull
Event: 19.732 Executing VM operation: ICBufferFull done
Event: 19.734 Executing VM operation: ICBufferFull
Event: 19.734 Executing VM operation: ICBufferFull done
Event: 19.748 Executing VM operation: ICBufferFull
Event: 19.748 Executing VM operation: ICBufferFull done
Event: 19.749 Executing VM operation: ICBufferFull
Event: 19.749 Executing VM operation: ICBufferFull done
Event: 19.750 Executing VM operation: ICBufferFull
Event: 19.750 Executing VM operation: ICBufferFull done
Event: 19.773 Executing VM operation: ICBufferFull
Event: 19.773 Executing VM operation: ICBufferFull done
Event: 19.774 Executing VM operation: ICBufferFull
Event: 19.774 Executing VM operation: ICBufferFull done
Event: 20.022 Executing VM operation: G1CollectForAllocation
Event: 20.029 Executing VM operation: G1CollectForAllocation done
Event: 20.091 Executing VM operation: HandshakeAllThreads
Event: 20.091 Executing VM operation: HandshakeAllThreads done
Event: 20.176 Executing VM operation: G1Concurrent

Events (20 events):
Event: 19.923 loading class java/net/ProxySelector
Event: 19.923 loading class java/net/ProxySelector done
Event: 19.923 loading class sun/net/spi/DefaultProxySelector
Event: 19.924 loading class sun/net/spi/DefaultProxySelector done
Event: 19.924 loading class java/net/Proxy
Event: 19.924 loading class java/net/Proxy done
Event: 19.924 loading class java/net/Proxy$Type
Event: 19.924 loading class java/net/Proxy$Type done
Event: 19.924 loading class sun/net/spi/DefaultProxySelector$1
Event: 19.924 loading class sun/net/spi/DefaultProxySelector$1 done
Event: 19.963 loading class java/time/format/DateTimeFormatterBuilder$ZoneTextPrinterParser
Event: 19.963 loading class java/time/format/DateTimeFormatterBuilder$ZoneTextPrinterParser done
Event: 19.964 loading class java/time/format/DateTimeFormatterBuilder$ReducedPrinterParser
Event: 19.965 loading class java/time/format/DateTimeFormatterBuilder$ReducedPrinterParser done
Event: 20.002 loading class java/util/concurrent/atomic/AtomicMarkableReference
Event: 20.003 loading class java/util/concurrent/atomic/AtomicMarkableReference done
Event: 20.003 loading class java/util/concurrent/atomic/AtomicMarkableReference$Pair
Event: 20.003 loading class java/util/concurrent/atomic/AtomicMarkableReference$Pair done
Event: 20.170 loading class org/w3c/dom/Document
Event: 20.171 loading class org/w3c/dom/Document done


Dynamic libraries:
0x00007ff787780000 - 0x00007ff787790000 	C:\Program Files\Java\jdk-17.0.1\bin\java.exe
0x00007ffeebc90000 - 0x00007ffeebe85000 	C:\Windows\SYSTEM32\ntdll.dll
0x00007ffeeb040000 - 0x00007ffeeb0fd000 	C:\Windows\System32\KERNEL32.DLL
0x00007ffee9610000 - 0x00007ffee98dd000 	C:\Windows\System32\KERNELBASE.dll
0x00007ffee9b30000 - 0x00007ffee9c30000 	C:\Windows\System32\ucrtbase.dll
0x00007ffee64c0000 - 0x00007ffee64da000 	C:\Program Files\Java\jdk-17.0.1\bin\VCRUNTIME140.dll
0x00007ffee64e0000 - 0x00007ffee64f8000 	C:\Program Files\Java\jdk-17.0.1\bin\jli.dll
0x00007ffee9d80000 - 0x00007ffee9e2e000 	C:\Windows\System32\ADVAPI32.dll
0x00007ffeebbb0000 - 0x00007ffeebc4e000 	C:\Windows\System32\msvcrt.dll
0x00007ffee9ce0000 - 0x00007ffee9d7c000 	C:\Windows\System32\sechost.dll
0x00007ffeeb480000 - 0x00007ffeeb5a5000 	C:\Windows\System32\RPCRT4.dll
0x00007ffeeba10000 - 0x00007ffeebbb0000 	C:\Windows\System32\USER32.dll
0x00007ffeda820000 - 0x00007ffedaaba000 	C:\Windows\WinSxS\amd64_microsoft.windows.common-controls_6595b64144ccf1df_6.0.19041.1110_none_60b5254171f9507e\COMCTL32.dll
0x00007ffee94b0000 - 0x00007ffee94d2000 	C:\Windows\System32\win32u.dll
0x00007ffeeb970000 - 0x00007ffeeb99a000 	C:\Windows\System32\GDI32.dll
0x00007ffee93a0000 - 0x00007ffee94ab000 	C:\Windows\System32\gdi32full.dll
0x00007ffee9a90000 - 0x00007ffee9b2d000 	C:\Windows\System32\msvcp_win.dll
0x00007ffede4e0000 - 0x00007ffede4ea000 	C:\Windows\SYSTEM32\VERSION.dll
0x00007ffeea780000 - 0x00007ffeea7b0000 	C:\Windows\System32\IMM32.DLL
0x00007ffee64b0000 - 0x00007ffee64bc000 	C:\Program Files\Java\jdk-17.0.1\bin\vcruntime140_1.dll
0x00007ffeb7420000 - 0x00007ffeb74ad000 	C:\Program Files\Java\jdk-17.0.1\bin\msvcp140.dll
0x00007ffe90240000 - 0x00007ffe90dfe000 	C:\Program Files\Java\jdk-17.0.1\bin\server\jvm.dll
0x00007ffeea9c0000 - 0x00007ffeea9c8000 	C:\Windows\System32\PSAPI.DLL
0x00007ffee06d0000 - 0x00007ffee06d9000 	C:\Windows\SYSTEM32\WSOCK32.dll
0x00007ffeeb9a0000 - 0x00007ffeeba0b000 	C:\Windows\System32\WS2_32.dll
0x00007ffedabc0000 - 0x00007ffedabe7000 	C:\Windows\SYSTEM32\WINMM.dll
0x00007ffee72b0000 - 0x00007ffee72c2000 	C:\Windows\SYSTEM32\kernel.appcore.dll
0x00007ffedfb10000 - 0x00007ffedfb1a000 	C:\Program Files\Java\jdk-17.0.1\bin\jimage.dll
0x00007ffed0fa0000 - 0x00007ffed1184000 	C:\Windows\SYSTEM32\DBGHELP.DLL
0x00007ffed14c0000 - 0x00007ffed14ec000 	C:\Windows\SYSTEM32\dbgcore.DLL
0x00007ffee9510000 - 0x00007ffee9592000 	C:\Windows\System32\bcryptPrimitives.dll
0x00007ffedfae0000 - 0x00007ffedfb05000 	C:\Program Files\Java\jdk-17.0.1\bin\java.dll
0x00007ffeb2700000 - 0x00007ffeb27d6000 	C:\Program Files\Java\jdk-17.0.1\bin\svml.dll
0x00007ffee9e90000 - 0x00007ffeea5d4000 	C:\Windows\System32\SHELL32.dll
0x00007ffee7460000 - 0x00007ffee7bf4000 	C:\Windows\SYSTEM32\windows.storage.dll
0x00007ffeeb5b0000 - 0x00007ffeeb904000 	C:\Windows\System32\combase.dll
0x00007ffee8d20000 - 0x00007ffee8d4c000 	C:\Windows\SYSTEM32\Wldp.dll
0x00007ffeeaf20000 - 0x00007ffeeafcd000 	C:\Windows\System32\SHCORE.dll
0x00007ffeea5e0000 - 0x00007ffeea635000 	C:\Windows\System32\shlwapi.dll
0x00007ffee92e0000 - 0x00007ffee92ff000 	C:\Windows\SYSTEM32\profapi.dll
0x00007ffedfac0000 - 0x00007ffedfad9000 	C:\Program Files\Java\jdk-17.0.1\bin\net.dll
0x00007ffedf9a0000 - 0x00007ffedfaaa000 	C:\Windows\SYSTEM32\WINHTTP.dll
0x00007ffee8b00000 - 0x00007ffee8b6a000 	C:\Windows\system32\mswsock.dll
0x00007ffec5b90000 - 0x00007ffec5ba5000 	C:\Program Files\Java\jdk-17.0.1\bin\nio.dll
0x00007ffec1290000 - 0x00007ffec12a8000 	C:\Program Files\Java\jdk-17.0.1\bin\zip.dll
0x00007ffedfab0000 - 0x00007ffedfac0000 	C:\Program Files\Java\jdk-17.0.1\bin\verify.dll
0x00007ffebfb90000 - 0x00007ffebfb9e000 	C:\Program Files\Java\jdk-17.0.1\bin\sunmscapi.dll
0x00007ffee98e0000 - 0x00007ffee9a36000 	C:\Windows\System32\CRYPT32.dll
0x00007ffee8d90000 - 0x00007ffee8db7000 	C:\Windows\SYSTEM32\ncrypt.dll
0x00007ffee8d50000 - 0x00007ffee8d8b000 	C:\Windows\SYSTEM32\NTASN1.dll
0x00007ffebd420000 - 0x00007ffebd427000 	C:\Windows\system32\wshunix.dll
0x00007ffee9060000 - 0x00007ffee9078000 	C:\Windows\SYSTEM32\CRYPTSP.dll
0x00007ffee8430000 - 0x00007ffee8464000 	C:\Windows\system32\rsaenh.dll
0x00007ffee94e0000 - 0x00007ffee9507000 	C:\Windows\System32\bcrypt.dll
0x00007ffee9260000 - 0x00007ffee928e000 	C:\Windows\SYSTEM32\USERENV.dll
0x00007ffee8c90000 - 0x00007ffee8c9c000 	C:\Windows\SYSTEM32\CRYPTBASE.dll
0x00007ffee87c0000 - 0x00007ffee87fb000 	C:\Windows\SYSTEM32\IPHLPAPI.DLL
0x00007ffeea640000 - 0x00007ffeea648000 	C:\Windows\System32\NSI.dll
0x00007ffedf790000 - 0x00007ffedf7a7000 	C:\Windows\SYSTEM32\dhcpcsvc6.DLL
0x00007ffedf7f0000 - 0x00007ffedf80d000 	C:\Windows\SYSTEM32\dhcpcsvc.DLL
0x00007ffee8810000 - 0x00007ffee88db000 	C:\Windows\SYSTEM32\DNSAPI.dll
0x00007ffede640000 - 0x00007ffede64a000 	C:\Windows\System32\rasadhlp.dll
0x00007ffede650000 - 0x00007ffede6d0000 	C:\Windows\System32\fwpuclnt.dll
0x00007ffec5c20000 - 0x00007ffec5c29000 	C:\Program Files\Java\jdk-17.0.1\bin\management.dll
0x00007ffec44c0000 - 0x00007ffec44cb000 	C:\Program Files\Java\jdk-17.0.1\bin\management_ext.dll
0x00007ffe93690000 - 0x00007ffe936a7000 	C:\Windows\system32\napinsp.dll
0x00007ffe93670000 - 0x00007ffe9368b000 	C:\Windows\system32\pnrpnsp.dll
0x00007ffed9790000 - 0x00007ffed97a5000 	C:\Windows\system32\wshbth.dll
0x00007ffee4700000 - 0x00007ffee471d000 	C:\Windows\system32\NLAapi.dll
0x00007ffe93650000 - 0x00007ffe93662000 	C:\Windows\System32\winrnr.dll

dbghelp: loaded successfully - version: 4.0.5 - missing functions: none
symbol engine: initialized successfully - sym options: 0x614 - pdb path: .;C:\Program Files\Java\jdk-17.0.1\bin;C:\Windows\SYSTEM32;C:\Windows\WinSxS\amd64_microsoft.windows.common-controls_6595b64144ccf1df_6.0.19041.1110_none_60b5254171f9507e;C:\Program Files\Java\jdk-17.0.1\bin\server

VM Arguments:
jvm_args: -Dorg.gradle.internal.worker.tmpdir=C:\Users\Nataša\Desktop\DIS\DIS-project\DIS\microservices\book\build\tmp\test\work -Dorg.gradle.native=false --add-opens=java.base/java.util=ALL-UNNAMED --add-opens=java.base/java.lang=ALL-UNNAMED -Xmx512m -Dfile.encoding=windows-1252 -Duser.country=US -Duser.language=en -Duser.variant -ea 
java_command: worker.org.gradle.process.internal.worker.GradleWorkerMain 'Gradle Test Executor 1'
java_class_path (initial): C:\\Users\\Nataša\\.gradle\\caches\\7.4\\workerMain\\gradle-worker.jar;C:\\Users\\Nataša\\Desktop\\DIS\\DIS-project\\DIS\\microservices\\book\\build\\classes\\java\\test;C:\\Users\\Nataša\\Desktop\\DIS\\DIS-project\\DIS\\microservices\\book\\build\\classes\\java\\main;C:\\Users\\Nataša\\Desktop\\DIS\\DIS-project\\DIS\\microservices\\book\\build\\resources\\main;C:\\Users\\Nataša\\Desktop\\DIS\\DIS-project\\DIS\\api\\build\\libs\\api-1.0.0-SNAPSHOT.jar;C:\\Users\\Nataša\\Desktop\\DIS\\DIS-project\\DIS\\util\\build\\libs\\util-1.0.0-SNAPSHOT.jar;C:\\Users\\Nataša\\.gradle\\caches\\modules-2\\files-2.1\\org.springframework.boot\\spring-boot-starter-actuator\\2.5.2\\854b5574793363ac1c11a5d364b93c9489146e08\\spring-boot-starter-actuator-2.5.2.jar;C:\\Users\\Nataša\\.gradle\\caches\\modules-2\\files-2.1\\org.springframework.boot\\spring-boot-starter-webflux\\2.5.2\\ff0a13ffd88b2d3683a3f72930d249b83e85bc05\\spring-boot-starter-webflux-2.5.2.jar;C:\\Users\\Nataša\\.gradle\\caches\\modules-2\\files-2.1\\org.springframework.boot\\spring-boot-starter-data-mongodb-reactive\\2.5.2\\4b7227c429b33585b8ec03077ba9980456247bb9\\spring-boot-starter-data-mongodb-reactive-2.5.2.jar;C:\\Users\\Nataša\\.gradle\\caches\\modules-2\\files-2.1\\org.springframework.cloud\\spring-cloud-starter-stream-rabbit\\3.1.3\\d15df82c13306ee79c93b587d61678c6d9c6c225\\spring-cloud-starter-stream-rabbit-3.1.3.jar;C:\\Users\\Nataša\\.gradle\\caches\\modules-2\\files-2.1\\org.springframework.cloud\\spring-cloud-starter-stream-kafka\\3.1.3\\5c38ef37df07aa3a75b2df12c04c0151ae302d0\\spring-cloud-starter-stream-kafka-3.1.3.jar;C:\\Users\\Nataša\\.gradle\\caches\\modules-2\\files-2.1\\org.mapstruct\\mapstruct\\1.3.1.Final\\6ab184bbc7a7029738277a244e4c535fcdc3f558\\mapstruct-1.3.1.Final.jar;C:\\Users\\Nataša\\.gradle\\caches\\modules-2\\files-2.1\\org.springframework.cloud\\spring-cloud-starter-netflix-eureka-client\\3.0.3\\4a0a2920c7a9853ed45486b1e90625f679a23bca\\spring-cloud-starter-
Launcher Type: SUN_STANDARD

[Global flags]
     intx CICompilerCount                          = 3                                         {product} {ergonomic}
     uint ConcGCThreads                            = 1                                         {product} {ergonomic}
     uint G1ConcRefinementThreads                  = 4                                         {product} {ergonomic}
   size_t G1HeapRegionSize                         = 1048576                                   {product} {ergonomic}
    uintx GCDrainStackTargetSize                   = 64                                        {product} {ergonomic}
   size_t InitialHeapSize                          = 201326592                                 {product} {ergonomic}
   size_t MarkStackSize                            = 4194304                                   {product} {ergonomic}
   size_t MaxHeapSize                              = 536870912                                 {product} {command line}
   size_t MaxNewSize                               = 321912832                                 {product} {ergonomic}
   size_t MinHeapDeltaBytes                        = 1048576                                   {product} {ergonomic}
   size_t MinHeapSize                              = 8388608                                   {product} {ergonomic}
    uintx NonNMethodCodeHeapSize                   = 5832780                                {pd product} {ergonomic}
    uintx NonProfiledCodeHeapSize                  = 122912730                              {pd product} {ergonomic}
    uintx ProfiledCodeHeapSize                     = 122912730                              {pd product} {ergonomic}
    uintx ReservedCodeCacheSize                    = 251658240                              {pd product} {ergonomic}
     bool SegmentedCodeCache                       = true                                      {product} {ergonomic}
   size_t SoftMaxHeapSize                          = 536870912                              {manageable} {ergonomic}
     bool UseCompressedClassPointers               = true                           {product lp64_product} {ergonomic}
     bool UseCompressedOops                        = true                           {product lp64_product} {ergonomic}
     bool UseG1GC                                  = true                                      {product} {ergonomic}
     bool UseLargePagesIndividualAllocation        = false                                  {pd product} {ergonomic}

Logging:
Log output configuration:
 #0: stdout all=warning uptime,level,tags
 #1: stderr all=off uptime,level,tags

Environment Variables:
JAVA_HOME=C:\Program Files\Java\jdk-17.0.1\
PATH=C:\Users\Nataša\bin;C:\Program Files\Git\mingw64\bin;C:\Program Files\Git\usr\local\bin;C:\Program Files\Git\usr\bin;C:\Program Files\Git\usr\bin;C:\Program Files\Git\mingw64\bin;C:\Program Files\Git\usr\bin;C:\Users\Nataša\bin;C:\Program Files\Common Files\Oracle\Java\javapath;C:\Program Files (x86)\Common Files\Oracle\Java\javapath;C:\Windows\system32;C:\Windows;C:\Windows\System32\Wbem;C:\Windows\System32\WindowsPowerShell\v1.0;C:\Windows\System32\OpenSSH;C:\Program Files (x86)\nodejs;C:\Program Files\Azure Data Studio\bin;C:\Program Files\Microsoft SQL Server\Client SDK\ODBC\170\Tools\Binn;C:\Program Files (x86)\Microsoft SQL Server\150\Tools\Binn;C:\Program Files\Microsoft SQL Server\150\Tools\Binn;C:\Program Files\Microsoft SQL Server\150\DTS\Binn;C:\Program Files\Microsoft SQL Server\130\Tools\Binn;C:\Program Files\Git\cmd;C:\Program Files\apache-maven-3.8.3\bin;C:\Program Files\Java\jdk-17.0.1;C:\Program Files\Java\jre1.8.0_311;C:\Users\Nataša\Desktop\sonar-scanner-4.6.2.2472-windows\bin;C:\Users\Nataša\Desktop\tvdcc-2.3.0;C:\Program Files\Polyspace\R2019b\runtime\win64;C:\Program Files\Polyspace\R2019b\bin;C:\Program Files\Polyspace\R2019b\polyspace\bin;C:\Program Files\Docker\Docker\resources\bin;C:\ProgramData\DockerDesktop\version-bin;C:\Users\Nataša\AppData\Local\Microsoft\WindowsApps;C:\Users\Nataša\AppData\Roaming\npm;C:\Program Files\Azure Data Studio\bin;C:\Android-sdk;C:\Program Files\apache-maven-3.8.3\bin;C:\Program Files\Java\jdk-17.0.1;C:\Users\Nataša\Desktop\sonar-scanner-4.6.2.2472-windows\bin;C:\Users\Nataša\Desktop\spring-2.6.6\bin;C:\Program Files\Git\usr\bin\vendor_perl;C:\Program Files\Git\usr\bin\core_perl
USERNAME=Nataša
SHELL=C:\Program Files\Git\usr\bin\bash.exe
DISPLAY=needs-to-be-defined
LC_CTYPE=en_US.UTF-8
OS=Windows_NT
PROCESSOR_IDENTIFIER=Intel64 Family 6 Model 60 Stepping 3, GenuineIntel



---------------  S Y S T E M  ---------------

OS:
 Windows 10 , 64 bit Build 19041 (10.0.19041.1706)
OS uptime: 0 days 0:28 hours
Hyper-V role detected

CPU: total 4 (initial active 4) (2 cores per cpu, 2 threads per core) family 6 model 60 stepping 3 microcode 0x27, cx8, cmov, fxsr, ht, mmx, sse, sse2, sse3, ssse3, sse4.1, sse4.2, popcnt, lzcnt, tsc, tscinvbit, avx, avx2, aes, erms, clmul, bmi1, bmi2, fma, vzeroupper, clflush, hv

Memory: 4k page, system-wide physical 12201M (570M free)
TotalPageFile size 12684M (AvailPageFile size 14M)
current process WorkingSet (physical memory assigned to process): 345M, peak: 353M
current process commit charge ("private bytes"): 380M, peak: 391M

vm_info: Java HotSpot(TM) 64-Bit Server VM (17.0.1+12-LTS-39) for windows-amd64 JRE (17.0.1+12-LTS-39), built on Sep 27 2021 18:41:35 by "mach5one" with MS VC++ 16.8 (VS2019)

END.
