#
# There is insufficient memory for the Java Runtime Environment to continue.
# Native memory allocation (mmap) failed to map 201326592 bytes for G1 virtual space
# Possible reasons:
#   The system is out of physical RAM or swap space
#   The process is running with CompressedOops enabled, and the Java Heap may be blocking the growth of the native heap
# Possible solutions:
#   Reduce memory load on the system
#   Increase physical memory or swap space
#   Check if swap backing store is full
#   Decrease Java heap size (-Xmx/-Xms)
#   Decrease number of Java threads
#   Decrease Java thread stack sizes (-Xss)
#   Set larger code cache with -XX:ReservedCodeCacheSize=
#   JVM is running with Unscaled Compressed Oops mode in which the Java heap is
#     placed in the first 4GB address space. The Java Heap base address is the
#     maximum limit for the native heap growth. Please use -XX:HeapBaseMinAddress
#     to set the Java Heap base and to place the Java Heap above 4GB virtual address.
# This output file may be truncated or incomplete.
#
#  Out of Memory Error (os_windows.cpp:3469), pid=7332, tid=6532
#
# JRE version:  (17.0.1+12) (build )
# Java VM: Java HotSpot(TM) 64-Bit Server VM (17.0.1+12-LTS-39, mixed mode, sharing, tiered, compressed oops, compressed class ptrs, g1 gc, windows-amd64)
# No core dump will be written. Minidumps are not enabled by default on client versions of Windows
#

---------------  S U M M A R Y ------------

Command Line: -Dorg.gradle.internal.worker.tmpdir=C:\Users\Nataša\Desktop\DIS\DIS-project\DIS\microservices\book\build\tmp\test\work -Dorg.gradle.native=false --add-opens=java.base/java.util=ALL-UNNAMED --add-opens=java.base/java.lang=ALL-UNNAMED -Xmx512m -Dfile.encoding=windows-1252 -Duser.country=US -Duser.language=en -Duser.variant -ea worker.org.gradle.process.internal.worker.GradleWorkerMain 'Gradle Test Executor 3'

Host: Intel(R) Core(TM) i5-4210M CPU @ 2.60GHz, 4 cores, 11G,  Windows 10 , 64 bit Build 19041 (10.0.19041.1706)
Time: Sat Jun  4 13:44:25 2022 Central Europe Daylight Time elapsed time: 0.034583 seconds (0d 0h 0m 0s)

---------------  T H R E A D  ---------------

Current thread (0x000002693487d490):  JavaThread "Unknown thread" [_thread_in_vm, id=6532, stack(0x000000bbc8400000,0x000000bbc8500000)]

Stack: [0x000000bbc8400000,0x000000bbc8500000]
Native frames: (J=compiled Java code, j=interpreted, Vv=VM code, C=native code)
V  [jvm.dll+0x66fa1a]
V  [jvm.dll+0x7ce5a4]
V  [jvm.dll+0x7cfd4e]
V  [jvm.dll+0x7d03b3]
V  [jvm.dll+0x242b05]
V  [jvm.dll+0x66ca39]
V  [jvm.dll+0x661502]
V  [jvm.dll+0x30081b]
V  [jvm.dll+0x307da6]
V  [jvm.dll+0x357a1e]
V  [jvm.dll+0x357c4f]
V  [jvm.dll+0x2d7ad8]
V  [jvm.dll+0x2d8a44]
V  [jvm.dll+0x7a01e1]
V  [jvm.dll+0x365791]
V  [jvm.dll+0x77f6cc]
V  [jvm.dll+0x3e812f]
V  [jvm.dll+0x3e9bd1]
C  [jli.dll+0x527b]
C  [ucrtbase.dll+0x21bb2]
C  [KERNEL32.DLL+0x17034]
C  [ntdll.dll+0x52651]


---------------  P R O C E S S  ---------------

Threads class SMR info:
_java_thread_list=0x00007ffe90cd7818, length=0, elements={
}

Java Threads: ( => current thread )

Other Threads:
  0x00000269348a2650 GCTaskThread "GC Thread#0" [stack: 0x000000bbc8500000,0x000000bbc8600000] [id=13260]
  0x00000269348a84b0 ConcurrentGCThread "G1 Main Marker" [stack: 0x000000bbc8600000,0x000000bbc8700000] [id=10736]
  0x00000269348a8dd0 ConcurrentGCThread "G1 Conc#0" [stack: 0x000000bbc8700000,0x000000bbc8800000] [id=5156]

[error occurred during error reporting (printing all threads), id 0xc0000005, EXCEPTION_ACCESS_VIOLATION (0xc0000005) at pc=0x00007ffe905284b7]

VM state: not at safepoint (not fully initialized)

VM Mutex/Monitor currently owned by a thread:  ([mutex/lock_event])
[0x00000269348783d0] Heap_lock - owner thread: 0x000002693487d490

Heap address: 0x00000000e0000000, size: 512 MB, Compressed Oops mode: 32-bit

CDS archive(s) mapped at: [0x0000000000000000-0x0000000000000000-0x0000000000000000), size 0, SharedBaseAddress: 0x0000000800000000, ArchiveRelocationMode: 0.
Narrow klass base: 0x0000000000000000, Narrow klass shift: 0, Narrow klass range: 0x0

GC Precious Log:
<Empty>

Heap:
 garbage-first heap   total 0K, used 0K [0x00000000e0000000, 0x0000000100000000)
  region size 1024K, 0 young (0K), 0 survivors (0K)

[error occurred during error reporting (printing heap information), id 0xc0000005, EXCEPTION_ACCESS_VIOLATION (0xc0000005) at pc=0x00007ffe90908d89]

GC Heap History (0 events):
No events

Deoptimization events (0 events):
No events

Classes unloaded (0 events):
No events

Classes redefined (0 events):
No events

Internal exceptions (0 events):
No events

VM Operations (0 events):
No events

Events (1 events):
Event: 0.019 Loaded shared library C:\Program Files\Java\jdk-17.0.1\bin\java.dll


Dynamic libraries:
0x00007ff787780000 - 0x00007ff787790000 	C:\Program Files\Java\jdk-17.0.1\bin\java.exe
0x00007ffeebc90000 - 0x00007ffeebe85000 	C:\Windows\SYSTEM32\ntdll.dll
0x00007ffeeb040000 - 0x00007ffeeb0fd000 	C:\Windows\System32\KERNEL32.DLL
0x00007ffee9610000 - 0x00007ffee98dd000 	C:\Windows\System32\KERNELBASE.dll
0x00007ffee9b30000 - 0x00007ffee9c30000 	C:\Windows\System32\ucrtbase.dll
0x00007ffee64c0000 - 0x00007ffee64da000 	C:\Program Files\Java\jdk-17.0.1\bin\VCRUNTIME140.dll
0x00007ffee64e0000 - 0x00007ffee64f8000 	C:\Program Files\Java\jdk-17.0.1\bin\jli.dll
0x00007ffee9d80000 - 0x00007ffee9e2e000 	C:\Windows\System32\ADVAPI32.dll
0x00007ffeebbb0000 - 0x00007ffeebc4e000 	C:\Windows\System32\msvcrt.dll
0x00007ffee9ce0000 - 0x00007ffee9d7c000 	C:\Windows\System32\sechost.dll
0x00007ffeeb480000 - 0x00007ffeeb5a5000 	C:\Windows\System32\RPCRT4.dll
0x00007ffeeba10000 - 0x00007ffeebbb0000 	C:\Windows\System32\USER32.dll
0x00007ffee94b0000 - 0x00007ffee94d2000 	C:\Windows\System32\win32u.dll
0x00007ffeeb970000 - 0x00007ffeeb99a000 	C:\Windows\System32\GDI32.dll
0x00007ffee93a0000 - 0x00007ffee94ab000 	C:\Windows\System32\gdi32full.dll
0x00007ffeda820000 - 0x00007ffedaaba000 	C:\Windows\WinSxS\amd64_microsoft.windows.common-controls_6595b64144ccf1df_6.0.19041.1110_none_60b5254171f9507e\COMCTL32.dll
0x00007ffee9a90000 - 0x00007ffee9b2d000 	C:\Windows\System32\msvcp_win.dll
0x00007ffede4e0000 - 0x00007ffede4ea000 	C:\Windows\SYSTEM32\VERSION.dll
0x00007ffeea780000 - 0x00007ffeea7b0000 	C:\Windows\System32\IMM32.DLL
0x00007ffee64b0000 - 0x00007ffee64bc000 	C:\Program Files\Java\jdk-17.0.1\bin\vcruntime140_1.dll
0x00007ffeb7420000 - 0x00007ffeb74ad000 	C:\Program Files\Java\jdk-17.0.1\bin\msvcp140.dll
0x00007ffe90240000 - 0x00007ffe90dfe000 	C:\Program Files\Java\jdk-17.0.1\bin\server\jvm.dll
0x00007ffeea9c0000 - 0x00007ffeea9c8000 	C:\Windows\System32\PSAPI.DLL
0x00007ffee06d0000 - 0x00007ffee06d9000 	C:\Windows\SYSTEM32\WSOCK32.dll
0x00007ffeeb9a0000 - 0x00007ffeeba0b000 	C:\Windows\System32\WS2_32.dll
0x00007ffedabc0000 - 0x00007ffedabe7000 	C:\Windows\SYSTEM32\WINMM.dll
0x00007ffee72b0000 - 0x00007ffee72c2000 	C:\Windows\SYSTEM32\kernel.appcore.dll
0x00007ffedfb10000 - 0x00007ffedfb1a000 	C:\Program Files\Java\jdk-17.0.1\bin\jimage.dll
0x00007ffed0fa0000 - 0x00007ffed1184000 	C:\Windows\SYSTEM32\DBGHELP.DLL
0x00007ffed14c0000 - 0x00007ffed14ec000 	C:\Windows\SYSTEM32\dbgcore.DLL
0x00007ffee9510000 - 0x00007ffee9592000 	C:\Windows\System32\bcryptPrimitives.dll
0x00007ffedfae0000 - 0x00007ffedfb05000 	C:\Program Files\Java\jdk-17.0.1\bin\java.dll

dbghelp: loaded successfully - version: 4.0.5 - missing functions: none
symbol engine: initialized successfully - sym options: 0x614 - pdb path: .;C:\Program Files\Java\jdk-17.0.1\bin;C:\Windows\SYSTEM32;C:\Windows\WinSxS\amd64_microsoft.windows.common-controls_6595b64144ccf1df_6.0.19041.1110_none_60b5254171f9507e;C:\Program Files\Java\jdk-17.0.1\bin\server

VM Arguments:
jvm_args: -Dorg.gradle.internal.worker.tmpdir=C:\Users\Nataša\Desktop\DIS\DIS-project\DIS\microservices\book\build\tmp\test\work -Dorg.gradle.native=false --add-opens=java.base/java.util=ALL-UNNAMED --add-opens=java.base/java.lang=ALL-UNNAMED -Xmx512m -Dfile.encoding=windows-1252 -Duser.country=US -Duser.language=en -Duser.variant -ea 
java_command: worker.org.gradle.process.internal.worker.GradleWorkerMain 'Gradle Test Executor 3'
java_class_path (initial): C:\\Users\\Nataša\\.gradle\\caches\\7.4\\workerMain\\gradle-worker.jar;C:\\Users\\Nataša\\Desktop\\DIS\\DIS-project\\DIS\\microservices\\book\\build\\classes\\java\\test;C:\\Users\\Nataša\\Desktop\\DIS\\DIS-project\\DIS\\microservices\\book\\build\\classes\\java\\main;C:\\Users\\Nataša\\Desktop\\DIS\\DIS-project\\DIS\\microservices\\book\\build\\resources\\main;C:\\Users\\Nataša\\Desktop\\DIS\\DIS-project\\DIS\\api\\build\\libs\\api-1.0.0-SNAPSHOT.jar;C:\\Users\\Nataša\\Desktop\\DIS\\DIS-project\\DIS\\util\\build\\libs\\util-1.0.0-SNAPSHOT.jar;C:\\Users\\Nataša\\.gradle\\caches\\modules-2\\files-2.1\\org.springframework.boot\\spring-boot-starter-actuator\\2.5.2\\854b5574793363ac1c11a5d364b93c9489146e08\\spring-boot-starter-actuator-2.5.2.jar;C:\\Users\\Nataša\\.gradle\\caches\\modules-2\\files-2.1\\org.springframework.boot\\spring-boot-starter-webflux\\2.5.2\\ff0a13ffd88b2d3683a3f72930d249b83e85bc05\\spring-boot-starter-webflux-2.5.2.jar;C:\\Users\\Nataša\\.gradle\\caches\\modules-2\\files-2.1\\org.springframework.boot\\spring-boot-starter-data-mongodb-reactive\\2.5.2\\4b7227c429b33585b8ec03077ba9980456247bb9\\spring-boot-starter-data-mongodb-reactive-2.5.2.jar;C:\\Users\\Nataša\\.gradle\\caches\\modules-2\\files-2.1\\org.springframework.cloud\\spring-cloud-starter-stream-rabbit\\3.1.3\\d15df82c13306ee79c93b587d61678c6d9c6c225\\spring-cloud-starter-stream-rabbit-3.1.3.jar;C:\\Users\\Nataša\\.gradle\\caches\\modules-2\\files-2.1\\org.springframework.cloud\\spring-cloud-starter-stream-kafka\\3.1.3\\5c38ef37df07aa3a75b2df12c04c0151ae302d0\\spring-cloud-starter-stream-kafka-3.1.3.jar;C:\\Users\\Nataša\\.gradle\\caches\\modules-2\\files-2.1\\org.mapstruct\\mapstruct\\1.3.1.Final\\6ab184bbc7a7029738277a244e4c535fcdc3f558\\mapstruct-1.3.1.Final.jar;C:\\Users\\Nataša\\.gradle\\caches\\modules-2\\files-2.1\\org.springframework.cloud\\spring-cloud-starter-netflix-eureka-client\\3.0.3\\4a0a2920c7a9853ed45486b1e90625f679a23bca\\spring-cloud-starter-
Launcher Type: SUN_STANDARD

[Global flags]
     intx CICompilerCount                          = 3                                         {product} {ergonomic}
     uint ConcGCThreads                            = 1                                         {product} {ergonomic}
     uint G1ConcRefinementThreads                  = 4                                         {product} {ergonomic}
   size_t G1HeapRegionSize                         = 1048576                                   {product} {ergonomic}
    uintx GCDrainStackTargetSize                   = 64                                        {product} {ergonomic}
   size_t InitialHeapSize                          = 201326592                                 {product} {ergonomic}
   size_t MarkStackSize                            = 4194304                                   {product} {ergonomic}
   size_t MaxHeapSize                              = 536870912                                 {product} {command line}
   size_t MinHeapDeltaBytes                        = 1048576                                   {product} {ergonomic}
   size_t MinHeapSize                              = 8388608                                   {product} {ergonomic}
    uintx NonNMethodCodeHeapSize                   = 5832780                                {pd product} {ergonomic}
    uintx NonProfiledCodeHeapSize                  = 122912730                              {pd product} {ergonomic}
    uintx ProfiledCodeHeapSize                     = 122912730                              {pd product} {ergonomic}
    uintx ReservedCodeCacheSize                    = 251658240                              {pd product} {ergonomic}
     bool SegmentedCodeCache                       = true                                      {product} {ergonomic}
   size_t SoftMaxHeapSize                          = 536870912                              {manageable} {ergonomic}
     bool UseCompressedClassPointers               = true                           {product lp64_product} {ergonomic}
     bool UseCompressedOops                        = true                           {product lp64_product} {ergonomic}
     bool UseG1GC                                  = true                                      {product} {ergonomic}
     bool UseLargePagesIndividualAllocation        = false                                  {pd product} {ergonomic}

Logging:
Log output configuration:
 #0: stdout all=warning uptime,level,tags
 #1: stderr all=off uptime,level,tags

Environment Variables:
JAVA_HOME=C:\Program Files\Java\jdk-17.0.1\
PATH=C:\Users\Nataša\bin;C:\Program Files\Git\mingw64\bin;C:\Program Files\Git\usr\local\bin;C:\Program Files\Git\usr\bin;C:\Program Files\Git\usr\bin;C:\Program Files\Git\mingw64\bin;C:\Program Files\Git\usr\bin;C:\Users\Nataša\bin;C:\Program Files\Common Files\Oracle\Java\javapath;C:\Program Files (x86)\Common Files\Oracle\Java\javapath;C:\Windows\system32;C:\Windows;C:\Windows\System32\Wbem;C:\Windows\System32\WindowsPowerShell\v1.0;C:\Windows\System32\OpenSSH;C:\Program Files (x86)\nodejs;C:\Program Files\Azure Data Studio\bin;C:\Program Files\Microsoft SQL Server\Client SDK\ODBC\170\Tools\Binn;C:\Program Files (x86)\Microsoft SQL Server\150\Tools\Binn;C:\Program Files\Microsoft SQL Server\150\Tools\Binn;C:\Program Files\Microsoft SQL Server\150\DTS\Binn;C:\Program Files\Microsoft SQL Server\130\Tools\Binn;C:\Program Files\Git\cmd;C:\Program Files\apache-maven-3.8.3\bin;C:\Program Files\Java\jdk-17.0.1;C:\Program Files\Java\jre1.8.0_311;C:\Users\Nataša\Desktop\sonar-scanner-4.6.2.2472-windows\bin;C:\Users\Nataša\Desktop\tvdcc-2.3.0;C:\Program Files\Polyspace\R2019b\runtime\win64;C:\Program Files\Polyspace\R2019b\bin;C:\Program Files\Polyspace\R2019b\polyspace\bin;C:\Program Files\Docker\Docker\resources\bin;C:\ProgramData\DockerDesktop\version-bin;C:\Users\Nataša\AppData\Local\Microsoft\WindowsApps;C:\Users\Nataša\AppData\Roaming\npm;C:\Program Files\Azure Data Studio\bin;C:\Android-sdk;C:\Program Files\apache-maven-3.8.3\bin;C:\Program Files\Java\jdk-17.0.1;C:\Users\Nataša\Desktop\sonar-scanner-4.6.2.2472-windows\bin;C:\Users\Nataša\Desktop\spring-2.6.6\bin;C:\Program Files\Git\usr\bin\vendor_perl;C:\Program Files\Git\usr\bin\core_perl
USERNAME=Nataša
SHELL=C:\Program Files\Git\usr\bin\bash.exe
DISPLAY=needs-to-be-defined
LC_CTYPE=en_US.UTF-8
OS=Windows_NT
PROCESSOR_IDENTIFIER=Intel64 Family 6 Model 60 Stepping 3, GenuineIntel



---------------  S Y S T E M  ---------------

OS:
 Windows 10 , 64 bit Build 19041 (10.0.19041.1706)
OS uptime: 0 days 0:30 hours
Hyper-V role detected

CPU: total 4 (initial active 4) (2 cores per cpu, 2 threads per core) family 6 model 60 stepping 3 microcode 0x27, cx8, cmov, fxsr, ht, mmx, sse, sse2, sse3, ssse3, sse4.1, sse4.2, popcnt, lzcnt, tsc, tscinvbit, avx, avx2, aes, erms, clmul, bmi1, bmi2, fma, vzeroupper, clflush, hv

Memory: 4k page, system-wide physical 12201M (724M free)
TotalPageFile size 12684M (AvailPageFile size 164M)
current process WorkingSet (physical memory assigned to process): 10M, peak: 10M
current process commit charge ("private bytes"): 51M, peak: 243M

vm_info: Java HotSpot(TM) 64-Bit Server VM (17.0.1+12-LTS-39) for windows-amd64 JRE (17.0.1+12-LTS-39), built on Sep 27 2021 18:41:35 by "mach5one" with MS VC++ 16.8 (VS2019)

END.
