#
# There is insufficient memory for the Java Runtime Environment to continue.
# Native memory allocation (malloc) failed to allocate 1700176 bytes for Chunk::new
# Possible reasons:
#   The system is out of physical RAM or swap space
#   The process is running with CompressedOops enabled, and the Java Heap may be blocking the growth of the native heap
# Possible solutions:
#   Reduce memory load on the system
#   Increase physical memory or swap space
#   Check if swap backing store is full
#   Decrease Java heap size (-Xmx/-Xms)
#   Decrease number of Java threads
#   Decrease Java thread stack sizes (-Xss)
#   Set larger code cache with -XX:ReservedCodeCacheSize=
#   JVM is running with Unscaled Compressed Oops mode in which the Java heap is
#     placed in the first 4GB address space. The Java Heap base address is the
#     maximum limit for the native heap growth. Please use -XX:HeapBaseMinAddress
#     to set the Java Heap base and to place the Java Heap above 4GB virtual address.
# This output file may be truncated or incomplete.
#
#  Out of Memory Error (arena.cpp:189), pid=2116, tid=12108
#
# JRE version: Java(TM) SE Runtime Environment (17.0.1+12) (build 17.0.1+12-LTS-39)
# Java VM: Java HotSpot(TM) 64-Bit Server VM (17.0.1+12-LTS-39, mixed mode, sharing, tiered, compressed oops, compressed class ptrs, g1 gc, windows-amd64)
# No core dump will be written. Minidumps are not enabled by default on client versions of Windows
#

---------------  S U M M A R Y ------------

Command Line: -Dorg.gradle.internal.worker.tmpdir=C:\Users\Nataša\Desktop\DIS\DIS-project\DIS\microservices\book\build\tmp\test\work -Dorg.gradle.native=false --add-opens=java.base/java.util=ALL-UNNAMED --add-opens=java.base/java.lang=ALL-UNNAMED -Xmx512m -Dfile.encoding=windows-1252 -Duser.country=US -Duser.language=en -Duser.variant -ea worker.org.gradle.process.internal.worker.GradleWorkerMain 'Gradle Test Executor 2'

Host: Intel(R) Core(TM) i5-4210M CPU @ 2.60GHz, 4 cores, 11G,  Windows 10 , 64 bit Build 19041 (10.0.19041.1706)
Time: Sat Jun  4 13:43:57 2022 Central Europe Daylight Time elapsed time: 17.360256 seconds (0d 0h 0m 17s)

---------------  T H R E A D  ---------------

Current thread (0x000002d14fa16730):  JavaThread "C2 CompilerThread1" daemon [_thread_in_native, id=12108, stack(0x000000fcc8200000,0x000000fcc8300000)]


Current CompileTask:
C2:  17360 5870       4       java.lang.Class::annotationData (44 bytes)

Stack: [0x000000fcc8200000,0x000000fcc8300000]
Native frames: (J=compiled Java code, j=interpreted, Vv=VM code, C=native code)
V  [jvm.dll+0x66fa1a]
V  [jvm.dll+0x7ce5a4]
V  [jvm.dll+0x7cfd4e]
V  [jvm.dll+0x7d03b3]
V  [jvm.dll+0x242b05]
V  [jvm.dll+0xaa05b]
V  [jvm.dll+0xaa5ec]
V  [jvm.dll+0x35fa07]
V  [jvm.dll+0x1b9732]
V  [jvm.dll+0x215d49]
V  [jvm.dll+0x215011]
V  [jvm.dll+0x1a168d]
V  [jvm.dll+0x224848]
V  [jvm.dll+0x2229ac]
V  [jvm.dll+0x78435b]
V  [jvm.dll+0x77e91a]
V  [jvm.dll+0x66e845]
C  [ucrtbase.dll+0x21bb2]
C  [KERNEL32.DLL+0x17034]
C  [ntdll.dll+0x52651]


---------------  P R O C E S S  ---------------

Threads class SMR info:
_java_thread_list=0x000002d1561f1810, length=22, elements={
0x000002d135a6d3e0, 0x000002d14f9ec8e0, 0x000002d14f9ed660, 0x000002d14fa071d0,
0x000002d14fa07c90, 0x000002d14fa0ad00, 0x000002d14fa0b5c0, 0x000002d14fa0ff00,
0x000002d14fa139a0, 0x000002d14fa2a330, 0x000002d1505e6d30, 0x000002d1505f1250,
0x000002d150f68010, 0x000002d1513f7950, 0x000002d15146d720, 0x000002d14fa16730,
0x000002d1515b69e0, 0x000002d1515b6510, 0x000002d1515b81f0, 0x000002d1515b7d20,
0x000002d1515b6eb0, 0x000002d1515b9060
}

Java Threads: ( => current thread )
  0x000002d135a6d3e0 JavaThread "Test worker" [_thread_in_vm, id=6696, stack(0x000000fcc6a00000,0x000000fcc6b00000)]
  0x000002d14f9ec8e0 JavaThread "Reference Handler" daemon [_thread_blocked, id=13252, stack(0x000000fcc7100000,0x000000fcc7200000)]
  0x000002d14f9ed660 JavaThread "Finalizer" daemon [_thread_blocked, id=10228, stack(0x000000fcc7200000,0x000000fcc7300000)]
  0x000002d14fa071d0 JavaThread "Signal Dispatcher" daemon [_thread_blocked, id=12896, stack(0x000000fcc7300000,0x000000fcc7400000)]
  0x000002d14fa07c90 JavaThread "Attach Listener" daemon [_thread_blocked, id=9772, stack(0x000000fcc7400000,0x000000fcc7500000)]
  0x000002d14fa0ad00 JavaThread "Service Thread" daemon [_thread_blocked, id=8184, stack(0x000000fcc7500000,0x000000fcc7600000)]
  0x000002d14fa0b5c0 JavaThread "Monitor Deflation Thread" daemon [_thread_blocked, id=12104, stack(0x000000fcc7600000,0x000000fcc7700000)]
  0x000002d14fa0ff00 JavaThread "C2 CompilerThread0" daemon [_thread_in_native, id=2996, stack(0x000000fcc7700000,0x000000fcc7800000)]
  0x000002d14fa139a0 JavaThread "C1 CompilerThread0" daemon [_thread_blocked, id=4656, stack(0x000000fcc7800000,0x000000fcc7900000)]
  0x000002d14fa2a330 JavaThread "Sweeper thread" daemon [_thread_blocked, id=13100, stack(0x000000fcc7900000,0x000000fcc7a00000)]
  0x000002d1505e6d30 JavaThread "Common-Cleaner" daemon [_thread_blocked, id=10384, stack(0x000000fcc7a00000,0x000000fcc7b00000)]
  0x000002d1505f1250 JavaThread "Notification Thread" daemon [_thread_blocked, id=8960, stack(0x000000fcc7b00000,0x000000fcc7c00000)]
  0x000002d150f68010 JavaThread "/127.0.0.1:63835 to /127.0.0.1:63834 workers" [_thread_blocked, id=5160, stack(0x000000fcc8100000,0x000000fcc8200000)]
  0x000002d1513f7950 JavaThread "/127.0.0.1:63835 to /127.0.0.1:63834 workers Thread 2" [_thread_blocked, id=10904, stack(0x000000fcc8300000,0x000000fcc8400000)]
  0x000002d15146d720 JavaThread "/127.0.0.1:63835 to /127.0.0.1:63834 workers Thread 3" [_thread_in_native, id=4792, stack(0x000000fcc8400000,0x000000fcc8500000)]
=>0x000002d14fa16730 JavaThread "C2 CompilerThread1" daemon [_thread_in_native, id=12108, stack(0x000000fcc8200000,0x000000fcc8300000)]
  0x000002d1515b69e0 JavaThread "cluster-ClusterId{value='629b457774964c364052bb15', description='null'}-localhost:27017" daemon [_thread_blocked, id=2368, stack(0x000000fcc8500000,0x000000fcc8600000)]
  0x000002d1515b6510 JavaThread "cluster-rtt-ClusterId{value='629b457774964c364052bb15', description='null'}-localhost:27017" daemon [_thread_blocked, id=3688, stack(0x000000fcc8600000,0x000000fcc8700000)]
  0x000002d1515b81f0 JavaThread "nioEventLoopGroup-2-1" [_thread_in_native, id=11916, stack(0x000000fcc8700000,0x000000fcc8800000)]
  0x000002d1515b7d20 JavaThread "nioEventLoopGroup-2-2" [_thread_in_native, id=1812, stack(0x000000fcc8800000,0x000000fcc8900000)]
  0x000002d1515b6eb0 JavaThread "boundedElastic-evictor-1" daemon [_thread_blocked, id=4072, stack(0x000000fcc8900000,0x000000fcc8a00000)]
  0x000002d1515b9060 JavaThread "spring.cloud.inetutils" daemon [_thread_blocked, id=420, stack(0x000000fcc8a00000,0x000000fcc8b00000)]

Other Threads:
  0x000002d14f9e6e40 VMThread "VM Thread" [stack: 0x000000fcc7000000,0x000000fcc7100000] [id=11528]
  0x000002d1505f3730 WatcherThread [stack: 0x000000fcc7c00000,0x000000fcc7d00000] [id=704]
  0x000002d135a925a0 GCTaskThread "GC Thread#0" [stack: 0x000000fcc6b00000,0x000000fcc6c00000] [id=6228]
  0x000002d150bdf560 GCTaskThread "GC Thread#1" [stack: 0x000000fcc7d00000,0x000000fcc7e00000] [id=9844]
  0x000002d1507fe1b0 GCTaskThread "GC Thread#2" [stack: 0x000000fcc7e00000,0x000000fcc7f00000] [id=11880]
  0x000002d1507fe460 GCTaskThread "GC Thread#3" [stack: 0x000000fcc7f00000,0x000000fcc8000000] [id=9364]
  0x000002d135a98400 ConcurrentGCThread "G1 Main Marker" [stack: 0x000000fcc6c00000,0x000000fcc6d00000] [id=11008]
  0x000002d135a98d20 ConcurrentGCThread "G1 Conc#0" [stack: 0x000000fcc6d00000,0x000000fcc6e00000] [id=11024]
  0x000002d14f8b0090 ConcurrentGCThread "G1 Refine#0" [stack: 0x000000fcc6e00000,0x000000fcc6f00000] [id=2220]
  0x000002d14f8b09c0 ConcurrentGCThread "G1 Service" [stack: 0x000000fcc6f00000,0x000000fcc7000000] [id=9924]

Threads with active compile tasks:
C2 CompilerThread0    17397 5706       4       java.util.function.BiPredicate::lambda$or$2 (28 bytes)
C2 CompilerThread1    17397 5870       4       java.lang.Class::annotationData (44 bytes)

VM state: not at safepoint (normal execution)

VM Mutex/Monitor currently owned by a thread: None

Heap address: 0x00000000e0000000, size: 512 MB, Compressed Oops mode: 32-bit

CDS archive(s) mapped at: [0x0000000800000000-0x0000000800bc0000-0x0000000800bc0000), size 12320768, SharedBaseAddress: 0x0000000800000000, ArchiveRelocationMode: 0.
Compressed class space mapped at: 0x0000000800c00000-0x0000000840c00000, reserved size: 1073741824
Narrow klass base: 0x0000000800000000, Narrow klass shift: 0, Narrow klass range: 0x100000000

GC Precious Log:
 CPUs: 4 total, 4 available
 Memory: 12201M
 Large Page Support: Disabled
 NUMA Support: Disabled
 Compressed Oops: Enabled (32-bit)
 Heap Region Size: 1M
 Heap Min Capacity: 8M
 Heap Initial Capacity: 192M
 Heap Max Capacity: 512M
 Pre-touch: Disabled
 Parallel Workers: 4
 Concurrent Workers: 1
 Concurrent Refinement Workers: 4
 Periodic GC: Disabled

Heap:
 garbage-first heap   total 80896K, used 48890K [0x00000000e0000000, 0x0000000100000000)
  region size 1024K, 9 young (9216K), 3 survivors (3072K)
 Metaspace       used 54554K, committed 54976K, reserved 1097728K
  class space    used 7543K, committed 7744K, reserved 1048576K

Heap Regions: E=young(eden), S=young(survivor), O=old, HS=humongous(starts), HC=humongous(continues), CS=collection set, F=free, OA=open archive, CA=closed archive, TAMS=top-at-mark-start (previous, next)
|   0|0x00000000e0000000, 0x00000000e0100000, 0x00000000e0100000|100%|HS|  |TAMS 0x00000000e0100000, 0x00000000e0000000| Complete 
|   1|0x00000000e0100000, 0x00000000e0200000, 0x00000000e0200000|100%|HC|  |TAMS 0x00000000e0200000, 0x00000000e0100000| Complete 
|   2|0x00000000e0200000, 0x00000000e0300000, 0x00000000e0300000|100%| O|  |TAMS 0x00000000e0300000, 0x00000000e0200000| Untracked 
|   3|0x00000000e0300000, 0x00000000e0400000, 0x00000000e0400000|100%| O|  |TAMS 0x00000000e0400000, 0x00000000e0300000| Untracked 
|   4|0x00000000e0400000, 0x00000000e0500000, 0x00000000e0500000|100%| O|  |TAMS 0x00000000e0500000, 0x00000000e0400000| Untracked 
|   5|0x00000000e0500000, 0x00000000e0600000, 0x00000000e0600000|100%| O|  |TAMS 0x00000000e0600000, 0x00000000e0500000| Untracked 
|   6|0x00000000e0600000, 0x00000000e0700000, 0x00000000e0700000|100%| O|  |TAMS 0x00000000e0700000, 0x00000000e0600000| Untracked 
|   7|0x00000000e0700000, 0x00000000e0800000, 0x00000000e0800000|100%| O|  |TAMS 0x00000000e0800000, 0x00000000e0700000| Untracked 
|   8|0x00000000e0800000, 0x00000000e0900000, 0x00000000e0900000|100%| O|  |TAMS 0x00000000e0900000, 0x00000000e0800000| Untracked 
|   9|0x00000000e0900000, 0x00000000e0a00000, 0x00000000e0a00000|100%| O|  |TAMS 0x00000000e0a00000, 0x00000000e0900000| Untracked 
|  10|0x00000000e0a00000, 0x00000000e0b00000, 0x00000000e0b00000|100%| O|  |TAMS 0x00000000e0b00000, 0x00000000e0a00000| Untracked 
|  11|0x00000000e0b00000, 0x00000000e0c00000, 0x00000000e0c00000|100%| O|  |TAMS 0x00000000e0c00000, 0x00000000e0b00000| Untracked 
|  12|0x00000000e0c00000, 0x00000000e0d00000, 0x00000000e0d00000|100%| O|  |TAMS 0x00000000e0d00000, 0x00000000e0c00000| Untracked 
|  13|0x00000000e0d00000, 0x00000000e0e00000, 0x00000000e0e00000|100%| O|  |TAMS 0x00000000e0e00000, 0x00000000e0d00000| Untracked 
|  14|0x00000000e0e00000, 0x00000000e0e16800, 0x00000000e0f00000|  8%| O|  |TAMS 0x00000000e0e16800, 0x00000000e0e00000| Complete 
|  15|0x00000000e0f00000, 0x00000000e1000000, 0x00000000e1000000|100%| O|  |TAMS 0x00000000e1000000, 0x00000000e0f00000| Untracked 
|  16|0x00000000e1000000, 0x00000000e1100000, 0x00000000e1100000|100%| O|  |TAMS 0x00000000e1100000, 0x00000000e1000000| Untracked 
|  17|0x00000000e1100000, 0x00000000e1200000, 0x00000000e1200000|100%| O|  |TAMS 0x00000000e1200000, 0x00000000e1100000| Untracked 
|  18|0x00000000e1200000, 0x00000000e1300000, 0x00000000e1300000|100%| O|  |TAMS 0x00000000e1300000, 0x00000000e1200000| Untracked 
|  19|0x00000000e1300000, 0x00000000e1400000, 0x00000000e1400000|100%| O|  |TAMS 0x00000000e1400000, 0x00000000e1300000| Untracked 
|  20|0x00000000e1400000, 0x00000000e1500000, 0x00000000e1500000|100%| O|  |TAMS 0x00000000e1500000, 0x00000000e1400000| Untracked 
|  21|0x00000000e1500000, 0x00000000e1600000, 0x00000000e1600000|100%| O|  |TAMS 0x00000000e1600000, 0x00000000e1500000| Untracked 
|  22|0x00000000e1600000, 0x00000000e1700000, 0x00000000e1700000|100%| O|  |TAMS 0x00000000e1700000, 0x00000000e1600000| Untracked 
|  23|0x00000000e1700000, 0x00000000e1800000, 0x00000000e1800000|100%| O|  |TAMS 0x00000000e1800000, 0x00000000e1700000| Untracked 
|  24|0x00000000e1800000, 0x00000000e1900000, 0x00000000e1900000|100%| O|  |TAMS 0x00000000e1900000, 0x00000000e1800000| Untracked 
|  25|0x00000000e1900000, 0x00000000e1a00000, 0x00000000e1a00000|100%| O|  |TAMS 0x00000000e1a00000, 0x00000000e1900000| Untracked 
|  26|0x00000000e1a00000, 0x00000000e1b00000, 0x00000000e1b00000|100%| O|  |TAMS 0x00000000e1b00000, 0x00000000e1a00000| Untracked 
|  27|0x00000000e1b00000, 0x00000000e1c00000, 0x00000000e1c00000|100%| O|  |TAMS 0x00000000e1c00000, 0x00000000e1b00000| Untracked 
|  28|0x00000000e1c00000, 0x00000000e1d00000, 0x00000000e1d00000|100%| O|  |TAMS 0x00000000e1d00000, 0x00000000e1c00000| Untracked 
|  29|0x00000000e1d00000, 0x00000000e1e00000, 0x00000000e1e00000|100%| O|  |TAMS 0x00000000e1e00000, 0x00000000e1d00000| Untracked 
|  30|0x00000000e1e00000, 0x00000000e1f00000, 0x00000000e1f00000|100%| O|  |TAMS 0x00000000e1f00000, 0x00000000e1e00000| Untracked 
|  31|0x00000000e1f00000, 0x00000000e2000000, 0x00000000e2000000|100%| O|  |TAMS 0x00000000e2000000, 0x00000000e1f00000| Untracked 
|  32|0x00000000e2000000, 0x00000000e2100000, 0x00000000e2100000|100%| O|  |TAMS 0x00000000e2100000, 0x00000000e2000000| Untracked 
|  33|0x00000000e2100000, 0x00000000e2200000, 0x00000000e2200000|100%| O|  |TAMS 0x00000000e2200000, 0x00000000e2100000| Untracked 
|  34|0x00000000e2200000, 0x00000000e2300000, 0x00000000e2300000|100%| O|  |TAMS 0x00000000e2300000, 0x00000000e2200000| Untracked 
|  35|0x00000000e2300000, 0x00000000e2400000, 0x00000000e2400000|100%| O|  |TAMS 0x00000000e2400000, 0x00000000e2300000| Untracked 
|  36|0x00000000e2400000, 0x00000000e2500000, 0x00000000e2500000|100%| O|  |TAMS 0x00000000e2500000, 0x00000000e2400000| Untracked 
|  37|0x00000000e2500000, 0x00000000e2600000, 0x00000000e2600000|100%| O|  |TAMS 0x00000000e2600000, 0x00000000e2500000| Untracked 
|  38|0x00000000e2600000, 0x00000000e2700000, 0x00000000e2700000|100%| O|  |TAMS 0x00000000e2700000, 0x00000000e2600000| Untracked 
|  39|0x00000000e2700000, 0x00000000e2800000, 0x00000000e2800000|100%| O|  |TAMS 0x00000000e2800000, 0x00000000e2700000| Untracked 
|  40|0x00000000e2800000, 0x00000000e28a8200, 0x00000000e2900000| 65%| O|  |TAMS 0x00000000e2891a00, 0x00000000e2800000| Untracked 
|  41|0x00000000e2900000, 0x00000000e2900000, 0x00000000e2a00000|  0%| F|  |TAMS 0x00000000e2900000, 0x00000000e2900000| Untracked 
|  42|0x00000000e2a00000, 0x00000000e2a00000, 0x00000000e2b00000|  0%| F|  |TAMS 0x00000000e2a00000, 0x00000000e2a00000| Untracked 
|  43|0x00000000e2b00000, 0x00000000e2b00000, 0x00000000e2c00000|  0%| F|  |TAMS 0x00000000e2b00000, 0x00000000e2b00000| Untracked 
|  44|0x00000000e2c00000, 0x00000000e2c00000, 0x00000000e2d00000|  0%| F|  |TAMS 0x00000000e2c00000, 0x00000000e2c00000| Untracked 
|  45|0x00000000e2d00000, 0x00000000e2d00000, 0x00000000e2e00000|  0%| F|  |TAMS 0x00000000e2d00000, 0x00000000e2d00000| Untracked 
|  46|0x00000000e2e00000, 0x00000000e2e00000, 0x00000000e2f00000|  0%| F|  |TAMS 0x00000000e2e00000, 0x00000000e2e00000| Untracked 
|  47|0x00000000e2f00000, 0x00000000e2f00000, 0x00000000e3000000|  0%| F|  |TAMS 0x00000000e2f00000, 0x00000000e2f00000| Untracked 
|  48|0x00000000e3000000, 0x00000000e3000000, 0x00000000e3100000|  0%| F|  |TAMS 0x00000000e3000000, 0x00000000e3000000| Untracked 
|  49|0x00000000e3100000, 0x00000000e3100000, 0x00000000e3200000|  0%| F|  |TAMS 0x00000000e3100000, 0x00000000e3100000| Untracked 
|  50|0x00000000e3200000, 0x00000000e3200000, 0x00000000e3300000|  0%| F|  |TAMS 0x00000000e3200000, 0x00000000e3200000| Untracked 
|  51|0x00000000e3300000, 0x00000000e3300000, 0x00000000e3400000|  0%| F|  |TAMS 0x00000000e3300000, 0x00000000e3300000| Untracked 
|  52|0x00000000e3400000, 0x00000000e3400000, 0x00000000e3500000|  0%| F|  |TAMS 0x00000000e3400000, 0x00000000e3400000| Untracked 
|  53|0x00000000e3500000, 0x00000000e3600000, 0x00000000e3600000|100%| S|CS|TAMS 0x00000000e3500000, 0x00000000e3500000| Complete 
|  54|0x00000000e3600000, 0x00000000e3700000, 0x00000000e3700000|100%| S|CS|TAMS 0x00000000e3600000, 0x00000000e3600000| Complete 
|  55|0x00000000e3700000, 0x00000000e3700000, 0x00000000e3800000|  0%| F|  |TAMS 0x00000000e3700000, 0x00000000e3700000| Untracked 
|  56|0x00000000e3800000, 0x00000000e3900000, 0x00000000e3900000|100%| S|CS|TAMS 0x00000000e3800000, 0x00000000e3800000| Complete 
|  57|0x00000000e3900000, 0x00000000e3900000, 0x00000000e3a00000|  0%| F|  |TAMS 0x00000000e3900000, 0x00000000e3900000| Untracked 
|  58|0x00000000e3a00000, 0x00000000e3a00000, 0x00000000e3b00000|  0%| F|  |TAMS 0x00000000e3a00000, 0x00000000e3a00000| Untracked 
|  59|0x00000000e3b00000, 0x00000000e3b00000, 0x00000000e3c00000|  0%| F|  |TAMS 0x00000000e3b00000, 0x00000000e3b00000| Untracked 
|  60|0x00000000e3c00000, 0x00000000e3c00000, 0x00000000e3d00000|  0%| F|  |TAMS 0x00000000e3c00000, 0x00000000e3c00000| Untracked 
|  61|0x00000000e3d00000, 0x00000000e3d00000, 0x00000000e3e00000|  0%| F|  |TAMS 0x00000000e3d00000, 0x00000000e3d00000| Untracked 
|  62|0x00000000e3e00000, 0x00000000e3e00000, 0x00000000e3f00000|  0%| F|  |TAMS 0x00000000e3e00000, 0x00000000e3e00000| Untracked 
|  63|0x00000000e3f00000, 0x00000000e3f00000, 0x00000000e4000000|  0%| F|  |TAMS 0x00000000e3f00000, 0x00000000e3f00000| Untracked 
|  64|0x00000000e4000000, 0x00000000e4000000, 0x00000000e4100000|  0%| F|  |TAMS 0x00000000e4000000, 0x00000000e4000000| Untracked 
|  65|0x00000000e4100000, 0x00000000e4100000, 0x00000000e4200000|  0%| F|  |TAMS 0x00000000e4100000, 0x00000000e4100000| Untracked 
|  66|0x00000000e4200000, 0x00000000e4200000, 0x00000000e4300000|  0%| F|  |TAMS 0x00000000e4200000, 0x00000000e4200000| Untracked 
|  67|0x00000000e4300000, 0x00000000e4300000, 0x00000000e4400000|  0%| F|  |TAMS 0x00000000e4300000, 0x00000000e4300000| Untracked 
|  68|0x00000000e4400000, 0x00000000e4400000, 0x00000000e4500000|  0%| F|  |TAMS 0x00000000e4400000, 0x00000000e4400000| Untracked 
|  69|0x00000000e4500000, 0x00000000e4500000, 0x00000000e4600000|  0%| F|  |TAMS 0x00000000e4500000, 0x00000000e4500000| Untracked 
|  70|0x00000000e4600000, 0x00000000e4600000, 0x00000000e4700000|  0%| F|  |TAMS 0x00000000e4600000, 0x00000000e4600000| Untracked 
| 131|0x00000000e8300000, 0x00000000e8300000, 0x00000000e8400000|  0%| F|  |TAMS 0x00000000e8300000, 0x00000000e8300000| Untracked 
| 132|0x00000000e8400000, 0x00000000e8400000, 0x00000000e8500000|  0%| F|  |TAMS 0x00000000e8400000, 0x00000000e8400000| Untracked 
| 133|0x00000000e8500000, 0x00000000e8600000, 0x00000000e8600000|100%| E|  |TAMS 0x00000000e8500000, 0x00000000e8500000| Complete 
| 134|0x00000000e8600000, 0x00000000e8700000, 0x00000000e8700000|100%| E|CS|TAMS 0x00000000e8600000, 0x00000000e8600000| Complete 
| 135|0x00000000e8700000, 0x00000000e8800000, 0x00000000e8800000|100%| E|CS|TAMS 0x00000000e8700000, 0x00000000e8700000| Complete 
| 189|0x00000000ebd00000, 0x00000000ebe00000, 0x00000000ebe00000|100%| E|CS|TAMS 0x00000000ebd00000, 0x00000000ebd00000| Complete 
| 190|0x00000000ebe00000, 0x00000000ebf00000, 0x00000000ebf00000|100%| E|CS|TAMS 0x00000000ebe00000, 0x00000000ebe00000| Complete 
| 191|0x00000000ebf00000, 0x00000000ec000000, 0x00000000ec000000|100%| E|CS|TAMS 0x00000000ebf00000, 0x00000000ebf00000| Complete 

Card table byte_map: [0x000002d14c260000,0x000002d14c360000] _byte_map_base: 0x000002d14bb60000

Marking Bits (Prev, Next): (CMBitMap*) 0x000002d135a93ad0, (CMBitMap*) 0x000002d135a93b10
 Prev Bits: [0x000002d14c460000, 0x000002d14cc60000)
 Next Bits: [0x000002d14cc60000, 0x000002d14d460000)

Polling page: 0x000002d135230000

Metaspace:

Usage:
  Non-class:     45.92 MB used.
      Class:      7.37 MB used.
       Both:     53.29 MB used.

Virtual space:
  Non-class space:       48.00 MB reserved,      46.12 MB ( 96%) committed,  6 nodes.
      Class space:        1.00 GB reserved,       7.56 MB ( <1%) committed,  1 nodes.
             Both:        1.05 GB reserved,      53.69 MB (  5%) committed. 

Chunk freelists:
   Non-Class:  1.45 MB
       Class:  335.00 KB
        Both:  1.78 MB

MaxMetaspaceSize: unlimited
CompressedClassSpaceSize: 1.00 GB
Initial GC threshold: 21.00 MB
Current GC threshold: 89.19 MB
CDS: on
MetaspaceReclaimPolicy: balanced
 - commit_granule_bytes: 65536.
 - commit_granule_words: 8192.
 - virtual_space_node_default_size: 1048576.
 - enlarge_chunks_in_place: 1.
 - new_chunks_are_fully_committed: 0.
 - uncommit_free_chunks: 1.
 - use_allocation_guard: 0.
 - handle_deallocations: 1.


Internal statistics:

num_allocs_failed_limit: 8.
num_arena_births: 562.
num_arena_deaths: 0.
num_vsnodes_births: 7.
num_vsnodes_deaths: 0.
num_space_committed: 859.
num_space_uncommitted: 0.
num_chunks_returned_to_freelist: 8.
num_chunks_taken_from_freelist: 2522.
num_chunk_merges: 8.
num_chunk_splits: 1727.
num_chunks_enlarged: 1306.
num_purges: 0.
num_inconsistent_stats: 0.

CodeHeap 'non-profiled nmethods': size=120000Kb used=3368Kb max_used=3368Kb free=116631Kb
 bounds [0x000002d144d30000, 0x000002d145080000, 0x000002d14c260000]
CodeHeap 'profiled nmethods': size=120000Kb used=10601Kb max_used=10601Kb free=109398Kb
 bounds [0x000002d13d800000, 0x000002d13e260000, 0x000002d144d30000]
CodeHeap 'non-nmethods': size=5760Kb used=1267Kb max_used=1323Kb free=4492Kb
 bounds [0x000002d13d260000, 0x000002d13d4d0000, 0x000002d13d800000]
 total_blobs=5781 nmethods=5199 adapters=494
 compilation: enabled
              stopped_count=0, restarted_count=0
 full_count=0

Compilation events (20 events):
Event: 17.186 Thread 0x000002d14fa139a0 5910       2       org.springframework.beans.PropertyEditorRegistrySupport::registerDefaultEditors (6 bytes)
Event: 17.187 Thread 0x000002d14fa139a0 nmethod 5910 0x000002d13e257090 code [0x000002d13e257220, 0x000002d13e257338]
Event: 17.187 Thread 0x000002d14fa139a0 5911       1       org.springframework.core.ResolvableType$TypeVariablesVariableResolver::getSource (5 bytes)
Event: 17.187 Thread 0x000002d14fa139a0 nmethod 5911 0x000002d145079a90 code [0x000002d145079c20, 0x000002d145079cf8]
Event: 17.193 Thread 0x000002d14fa139a0 5912       1       org.springframework.aop.framework.autoproxy.AbstractAutoProxyCreator::determineCandidateConstructors (2 bytes)
Event: 17.193 Thread 0x000002d14fa139a0 nmethod 5912 0x000002d145079d90 code [0x000002d145079f20, 0x000002d145079ff8]
Event: 17.276 Thread 0x000002d14fa139a0 5913       1       org.springframework.beans.factory.support.RootBeanDefinition::getPreferredConstructors (2 bytes)
Event: 17.276 Thread 0x000002d14fa139a0 nmethod 5913 0x000002d14507a090 code [0x000002d14507a220, 0x000002d14507a2f8]
Event: 17.292 Thread 0x000002d14fa139a0 5914       2       org.springframework.core.convert.TypeDescriptor::getElementTypeDescriptor (88 bytes)
Event: 17.293 Thread 0x000002d14fa139a0 nmethod 5914 0x000002d13e257410 code [0x000002d13e257660, 0x000002d13e257be8]
Event: 17.307 Thread 0x000002d14fa139a0 5915       2       java.lang.ThreadLocal::remove (18 bytes)
Event: 17.308 Thread 0x000002d14fa139a0 nmethod 5915 0x000002d13e257f90 code [0x000002d13e258120, 0x000002d13e258268]
Event: 17.322 Thread 0x000002d14fa139a0 5916       2       org.springframework.core.MethodParameter::getMethodAnnotations (14 bytes)
Event: 17.322 Thread 0x000002d14fa139a0 nmethod 5916 0x000002d13e258390 code [0x000002d13e258540, 0x000002d13e258698]
Event: 17.325 Thread 0x000002d14fa139a0 5917       2       org.springframework.beans.factory.config.DependencyDescriptor::getResolvableType (49 bytes)
Event: 17.326 Thread 0x000002d14fa139a0 nmethod 5917 0x000002d13e258810 code [0x000002d13e2589e0, 0x000002d13e258d58]
Event: 17.335 Thread 0x000002d14fa139a0 5918       2       sun.reflect.generics.repository.ConstructorRepository::parse (6 bytes)
Event: 17.335 Thread 0x000002d14fa139a0 nmethod 5918 0x000002d13e258f10 code [0x000002d13e2590c0, 0x000002d13e259288]
Event: 17.347 Thread 0x000002d14fa139a0 5919       2       java.lang.ThreadLocal::setInitialValue (50 bytes)
Event: 17.347 Thread 0x000002d14fa139a0 nmethod 5919 0x000002d13e259390 code [0x000002d13e259580, 0x000002d13e259868]

GC Heap History (20 events):
Event: 7.366 GC heap before
{Heap before GC invocations=7 (full 0):
 garbage-first heap   total 78848K, used 55096K [0x00000000e0000000, 0x0000000100000000)
  region size 1024K, 36 young (36864K), 3 survivors (3072K)
 Metaspace       used 29416K, committed 29696K, reserved 1081344K
  class space    used 3907K, committed 4032K, reserved 1048576K
}
Event: 7.373 GC heap after
{Heap after GC invocations=8 (full 0):
 garbage-first heap   total 78848K, used 23141K [0x00000000e0000000, 0x0000000100000000)
  region size 1024K, 4 young (4096K), 4 survivors (4096K)
 Metaspace       used 29416K, committed 29696K, reserved 1081344K
  class space    used 3907K, committed 4032K, reserved 1048576K
}
Event: 8.647 GC heap before
{Heap before GC invocations=8 (full 0):
 garbage-first heap   total 78848K, used 57957K [0x00000000e0000000, 0x0000000100000000)
  region size 1024K, 38 young (38912K), 4 survivors (4096K)
 Metaspace       used 33865K, committed 34240K, reserved 1081344K
  class space    used 4607K, committed 4800K, reserved 1048576K
}
Event: 8.655 GC heap after
{Heap after GC invocations=9 (full 0):
 garbage-first heap   total 78848K, used 25226K [0x00000000e0000000, 0x0000000100000000)
  region size 1024K, 4 young (4096K), 4 survivors (4096K)
 Metaspace       used 33865K, committed 34240K, reserved 1081344K
  class space    used 4607K, committed 4800K, reserved 1048576K
}
Event: 9.852 GC heap before
{Heap before GC invocations=9 (full 0):
 garbage-first heap   total 78848K, used 52874K [0x00000000e0000000, 0x0000000100000000)
  region size 1024K, 32 young (32768K), 4 survivors (4096K)
 Metaspace       used 36110K, committed 36416K, reserved 1081344K
  class space    used 4960K, committed 5120K, reserved 1048576K
}
Event: 9.861 GC heap after
{Heap after GC invocations=10 (full 0):
 garbage-first heap   total 78848K, used 27890K [0x00000000e0000000, 0x0000000100000000)
  region size 1024K, 5 young (5120K), 5 survivors (5120K)
 Metaspace       used 36110K, committed 36416K, reserved 1081344K
  class space    used 4960K, committed 5120K, reserved 1048576K
}
Event: 11.541 GC heap before
{Heap before GC invocations=11 (full 0):
 garbage-first heap   total 78848K, used 59634K [0x00000000e0000000, 0x0000000100000000)
  region size 1024K, 36 young (36864K), 5 survivors (5120K)
 Metaspace       used 41535K, committed 41920K, reserved 1089536K
  class space    used 5761K, committed 5952K, reserved 1048576K
}
Event: 11.555 GC heap after
{Heap after GC invocations=12 (full 0):
 garbage-first heap   total 78848K, used 30397K [0x00000000e0000000, 0x0000000100000000)
  region size 1024K, 3 young (3072K), 3 survivors (3072K)
 Metaspace       used 41535K, committed 41920K, reserved 1089536K
  class space    used 5761K, committed 5952K, reserved 1048576K
}
Event: 12.746 GC heap before
{Heap before GC invocations=12 (full 0):
 garbage-first heap   total 78848K, used 60093K [0x00000000e0000000, 0x0000000100000000)
  region size 1024K, 32 young (32768K), 3 survivors (3072K)
 Metaspace       used 45631K, committed 46016K, reserved 1089536K
  class space    used 6384K, committed 6528K, reserved 1048576K
}
Event: 12.761 GC heap after
{Heap after GC invocations=13 (full 0):
 garbage-first heap   total 78848K, used 33734K [0x00000000e0000000, 0x0000000100000000)
  region size 1024K, 4 young (4096K), 4 survivors (4096K)
 Metaspace       used 45631K, committed 46016K, reserved 1089536K
  class space    used 6384K, committed 6528K, reserved 1048576K
}
Event: 13.651 GC heap before
{Heap before GC invocations=13 (full 0):
 garbage-first heap   total 78848K, used 60358K [0x00000000e0000000, 0x0000000100000000)
  region size 1024K, 30 young (30720K), 4 survivors (4096K)
 Metaspace       used 47973K, committed 48448K, reserved 1097728K
  class space    used 6683K, committed 6912K, reserved 1048576K
}
Event: 13.659 GC heap after
{Heap after GC invocations=14 (full 0):
 garbage-first heap   total 78848K, used 36548K [0x00000000e0000000, 0x0000000100000000)
  region size 1024K, 3 young (3072K), 3 survivors (3072K)
 Metaspace       used 47973K, committed 48448K, reserved 1097728K
  class space    used 6683K, committed 6912K, reserved 1048576K
}
Event: 14.595 GC heap before
{Heap before GC invocations=14 (full 0):
 garbage-first heap   total 78848K, used 61124K [0x00000000e0000000, 0x0000000100000000)
  region size 1024K, 27 young (27648K), 3 survivors (3072K)
 Metaspace       used 52171K, committed 52672K, reserved 1097728K
  class space    used 7183K, committed 7424K, reserved 1048576K
}
Event: 14.602 GC heap after
{Heap after GC invocations=15 (full 0):
 garbage-first heap   total 78848K, used 38934K [0x00000000e0000000, 0x0000000100000000)
  region size 1024K, 3 young (3072K), 3 survivors (3072K)
 Metaspace       used 52171K, committed 52672K, reserved 1097728K
  class space    used 7183K, committed 7424K, reserved 1048576K
}
Event: 15.480 GC heap before
{Heap before GC invocations=15 (full 0):
 garbage-first heap   total 78848K, used 61462K [0x00000000e0000000, 0x0000000100000000)
  region size 1024K, 25 young (25600K), 3 survivors (3072K)
 Metaspace       used 52878K, committed 53312K, reserved 1097728K
  class space    used 7289K, committed 7488K, reserved 1048576K
}
Event: 15.489 GC heap after
{Heap after GC invocations=16 (full 0):
 garbage-first heap   total 78848K, used 40603K [0x00000000e0000000, 0x0000000100000000)
  region size 1024K, 2 young (2048K), 2 survivors (2048K)
 Metaspace       used 52878K, committed 53312K, reserved 1097728K
  class space    used 7289K, committed 7488K, reserved 1048576K
}
Event: 16.103 GC heap before
{Heap before GC invocations=17 (full 0):
 garbage-first heap   total 78848K, used 62107K [0x00000000e0000000, 0x0000000100000000)
  region size 1024K, 23 young (23552K), 2 survivors (2048K)
 Metaspace       used 53332K, committed 53760K, reserved 1097728K
  class space    used 7382K, committed 7616K, reserved 1048576K
}
Event: 16.108 GC heap after
{Heap after GC invocations=18 (full 0):
 garbage-first heap   total 78848K, used 41996K [0x00000000e0000000, 0x0000000100000000)
  region size 1024K, 2 young (2048K), 2 survivors (2048K)
 Metaspace       used 53332K, committed 53760K, reserved 1097728K
  class space    used 7382K, committed 7616K, reserved 1048576K
}
Event: 17.081 GC heap before
{Heap before GC invocations=18 (full 0):
 garbage-first heap   total 78848K, used 62476K [0x00000000e0000000, 0x0000000100000000)
  region size 1024K, 22 young (22528K), 2 survivors (2048K)
 Metaspace       used 54286K, committed 54720K, reserved 1097728K
  class space    used 7513K, committed 7744K, reserved 1048576K
}
Event: 17.087 GC heap after
{Heap after GC invocations=19 (full 0):
 garbage-first heap   total 78848K, used 43770K [0x00000000e0000000, 0x0000000100000000)
  region size 1024K, 3 young (3072K), 3 survivors (3072K)
 Metaspace       used 54286K, committed 54720K, reserved 1097728K
  class space    used 7513K, committed 7744K, reserved 1048576K
}

Deoptimization events (20 events):
Event: 15.725 Thread 0x000002d135a6d3e0 DEOPT PACKING pc=0x000002d144f0af10 sp=0x000000fcc6af9430
Event: 15.725 Thread 0x000002d135a6d3e0 DEOPT UNPACKING pc=0x000002d13d2b23a3 sp=0x000000fcc6af93f0 mode 2
Event: 15.741 Thread 0x000002d135a6d3e0 DEOPT PACKING pc=0x000002d13e16dd18 sp=0x000000fcc6af84d0
Event: 15.741 Thread 0x000002d135a6d3e0 DEOPT UNPACKING pc=0x000002d13d2b2b43 sp=0x000000fcc6af7930 mode 0
Event: 15.968 Thread 0x000002d135a6d3e0 DEOPT PACKING pc=0x000002d13e16dd18 sp=0x000000fcc6af7a40
Event: 15.969 Thread 0x000002d135a6d3e0 DEOPT UNPACKING pc=0x000002d13d2b2b43 sp=0x000000fcc6af6ea0 mode 0
Event: 16.355 Thread 0x000002d135a6d3e0 DEOPT PACKING pc=0x000002d13e16dd18 sp=0x000000fcc6af6720
Event: 16.355 Thread 0x000002d135a6d3e0 DEOPT UNPACKING pc=0x000002d13d2b2b43 sp=0x000000fcc6af5b80 mode 0
Event: 16.405 Thread 0x000002d135a6d3e0 DEOPT PACKING pc=0x000002d13e15537f sp=0x000000fcc6af86c0
Event: 16.405 Thread 0x000002d135a6d3e0 DEOPT UNPACKING pc=0x000002d13d2b2b43 sp=0x000000fcc6af7c08 mode 0
Event: 16.564 Thread 0x000002d135a6d3e0 Uncommon trap: trap_request=0xffffff45 fr.pc=0x000002d144e5bb4c relative=0x0000000000000b6c
Event: 16.564 Thread 0x000002d135a6d3e0 Uncommon trap: reason=unstable_if action=reinterpret pc=0x000002d144e5bb4c method=java.util.WeakHashMap.remove(Ljava/lang/Object;)Ljava/lang/Object; @ 92 c2
Event: 16.564 Thread 0x000002d135a6d3e0 DEOPT PACKING pc=0x000002d144e5bb4c sp=0x000000fcc6af94f0
Event: 16.564 Thread 0x000002d135a6d3e0 DEOPT UNPACKING pc=0x000002d13d2b23a3 sp=0x000000fcc6af94a0 mode 2
Event: 16.744 Thread 0x000002d135a6d3e0 DEOPT PACKING pc=0x000002d13e16dd18 sp=0x000000fcc6af9b30
Event: 16.744 Thread 0x000002d135a6d3e0 DEOPT UNPACKING pc=0x000002d13d2b2b43 sp=0x000000fcc6af8f90 mode 0
Event: 17.021 Thread 0x000002d135a6d3e0 DEOPT PACKING pc=0x000002d13e16dd18 sp=0x000000fcc6afa630
Event: 17.021 Thread 0x000002d135a6d3e0 DEOPT UNPACKING pc=0x000002d13d2b2b43 sp=0x000000fcc6af9a90 mode 0
Event: 17.275 Thread 0x000002d135a6d3e0 DEOPT PACKING pc=0x000002d13e16dd18 sp=0x000000fcc6afa7b0
Event: 17.276 Thread 0x000002d135a6d3e0 DEOPT UNPACKING pc=0x000002d13d2b2b43 sp=0x000000fcc6af9c10 mode 0

Classes unloaded (0 events):
No events

Classes redefined (0 events):
No events

Internal exceptions (20 events):
Event: 17.277 Thread 0x000002d135a6d3e0 Exception <a 'java/lang/ClassNotFoundException'{0x00000000e874c710}: java/lang/ObjectCustomizer> (0x00000000e874c710) 
thrown [t:\workspace\open\src\hotspot\share\classfile\systemDictionary.cpp, line 256]
Event: 17.278 Thread 0x000002d135a6d3e0 Exception <a 'java/lang/ClassNotFoundException'{0x00000000e8758690}: org/springframework/cloud/function/context/config/ContextFunctionCatalogAutoConfigurationCustomizer> (0x00000000e8758690) 
thrown [t:\workspace\open\src\hotspot\share\classfile\systemDictionary.cpp, line 256]
Event: 17.280 Thread 0x000002d135a6d3e0 Exception <a 'java/lang/ClassNotFoundException'{0x00000000e876a640}: java/lang/ObjectCustomizer> (0x00000000e876a640) 
thrown [t:\workspace\open\src\hotspot\share\classfile\systemDictionary.cpp, line 256]
Event: 17.282 Thread 0x000002d135a6d3e0 Exception <a 'java/lang/ClassNotFoundException'{0x00000000e87763e8}: org/springframework/cloud/stream/config/ContentTypeConfigurationCustomizer> (0x00000000e87763e8) 
thrown [t:\workspace\open\src\hotspot\share\classfile\systemDictionary.cpp, line 256]
Event: 17.284 Thread 0x000002d135a6d3e0 Exception <a 'java/lang/ClassNotFoundException'{0x00000000e878d9d8}: java/lang/ObjectCustomizer> (0x00000000e878d9d8) 
thrown [t:\workspace\open\src\hotspot\share\classfile\systemDictionary.cpp, line 256]
Event: 17.286 Thread 0x000002d135a6d3e0 Exception <a 'java/lang/ClassNotFoundException'{0x00000000e879a0f0}: org/springframework/integration/support/converter/DefaultDatatypeChannelMessageConverterCustomizer> (0x00000000e879a0f0) 
thrown [t:\workspace\open\src\hotspot\share\classfile\systemDictionary.cpp, line 256]
Event: 17.287 Thread 0x000002d135a6d3e0 Exception <a 'java/lang/ClassNotFoundException'{0x00000000e87aa0f8}: org/springframework/messaging/converter/MessageConverterCustomizer> (0x00000000e87aa0f8) 
thrown [t:\workspace\open\src\hotspot\share\classfile\systemDictionary.cpp, line 256]
Event: 17.289 Thread 0x000002d135a6d3e0 Exception <a 'java/lang/ClassNotFoundException'{0x00000000e87b5130}: org/springframework/beans/factory/BeanFactoryAwareCustomizer> (0x00000000e87b5130) 
thrown [t:\workspace\open\src\hotspot\share\classfile\systemDictionary.cpp, line 256]
Event: 17.291 Thread 0x000002d135a6d3e0 Exception <a 'java/lang/ClassNotFoundException'{0x00000000e87be8c8}: org/springframework/beans/factory/AwareCustomizer> (0x00000000e87be8c8) 
thrown [t:\workspace\open\src\hotspot\share\classfile\systemDictionary.cpp, line 256]
Event: 17.309 Thread 0x000002d135a6d3e0 Exception <a 'java/lang/ClassNotFoundException'{0x00000000e8620e58}: java/lang/ObjectCustomizer> (0x00000000e8620e58) 
thrown [t:\workspace\open\src\hotspot\share\classfile\systemDictionary.cpp, line 256]
Event: 17.310 Thread 0x000002d135a6d3e0 Exception <a 'java/lang/ClassNotFoundException'{0x00000000e862cc60}: org/springframework/messaging/converter/CompositeMessageConverterCustomizer> (0x00000000e862cc60) 
thrown [t:\workspace\open\src\hotspot\share\classfile\systemDictionary.cpp, line 256]
Event: 17.318 Thread 0x000002d135a6d3e0 Exception <a 'java/lang/ClassNotFoundException'{0x00000000e863f4f8}: org/springframework/messaging/converter/SmartMessageConverterCustomizer> (0x00000000e863f4f8) 
thrown [t:\workspace\open\src\hotspot\share\classfile\systemDictionary.cpp, line 256]
Event: 17.320 Thread 0x000002d135a6d3e0 Exception <a 'java/lang/ClassNotFoundException'{0x00000000e864ac38}: org/springframework/messaging/converter/MessageConverterCustomizer> (0x00000000e864ac38) 
thrown [t:\workspace\open\src\hotspot\share\classfile\systemDictionary.cpp, line 256]
Event: 17.327 Thread 0x000002d135a6d3e0 Exception <a 'java/lang/ClassNotFoundException'{0x00000000e8665528}: java/lang/ObjectCustomizer> (0x00000000e8665528) 
thrown [t:\workspace\open\src\hotspot\share\classfile\systemDictionary.cpp, line 256]
Event: 17.329 Thread 0x000002d135a6d3e0 Exception <a 'java/lang/ClassNotFoundException'{0x00000000e8671d88}: org/springframework/cloud/function/cloudevent/CloudEventsFunctionExtensionConfigurationCustomizer> (0x00000000e8671d88) 
thrown [t:\workspace\open\src\hotspot\share\classfile\systemDictionary.cpp, line 256]
Event: 17.336 Thread 0x000002d135a6d3e0 Exception <a 'java/lang/ClassNotFoundException'{0x00000000e8695228}: java/lang/ObjectCustomizer> (0x00000000e8695228) 
thrown [t:\workspace\open\src\hotspot\share\classfile\systemDictionary.cpp, line 256]
Event: 17.337 Thread 0x000002d135a6d3e0 Exception <a 'java/lang/ClassNotFoundException'{0x00000000e86a1600}: org/springframework/cloud/function/cloudevent/CloudEventsFunctionInvocationHelperCustomizer> (0x00000000e86a1600) 
thrown [t:\workspace\open\src\hotspot\share\classfile\systemDictionary.cpp, line 256]
Event: 17.341 Thread 0x000002d135a6d3e0 Exception <a 'java/lang/ClassNotFoundException'{0x00000000e86b47d0}: org/springframework/cloud/function/core/FunctionInvocationHelperCustomizer> (0x00000000e86b47d0) 
thrown [t:\workspace\open\src\hotspot\share\classfile\systemDictionary.cpp, line 256]
Event: 17.342 Thread 0x000002d135a6d3e0 Exception <a 'java/lang/ClassNotFoundException'{0x00000000e86bf188}: org/springframework/context/ApplicationContextAwareCustomizer> (0x00000000e86bf188) 
thrown [t:\workspace\open\src\hotspot\share\classfile\systemDictionary.cpp, line 256]
Event: 17.346 Thread 0x000002d135a6d3e0 Exception <a 'java/lang/ClassNotFoundException'{0x00000000e86c8920}: org/springframework/beans/factory/AwareCustomizer> (0x00000000e86c8920) 
thrown [t:\workspace\open\src\hotspot\share\classfile\systemDictionary.cpp, line 256]

VM Operations (20 events):
Event: 15.480 Executing VM operation: G1CollectForAllocation
Event: 15.489 Executing VM operation: G1CollectForAllocation done
Event: 15.586 Executing VM operation: G1Concurrent
Event: 15.590 Executing VM operation: G1Concurrent done
Event: 15.632 Executing VM operation: G1Concurrent
Event: 15.632 Executing VM operation: G1Concurrent done
Event: 16.103 Executing VM operation: G1CollectForAllocation
Event: 16.108 Executing VM operation: G1CollectForAllocation done
Event: 16.419 Executing VM operation: ICBufferFull
Event: 16.419 Executing VM operation: ICBufferFull done
Event: 16.422 Executing VM operation: ICBufferFull
Event: 16.423 Executing VM operation: ICBufferFull done
Event: 16.645 Executing VM operation: HandshakeAllThreads
Event: 16.645 Executing VM operation: HandshakeAllThreads done
Event: 17.081 Executing VM operation: G1CollectForAllocation
Event: 17.087 Executing VM operation: G1CollectForAllocation done
Event: 17.211 Executing VM operation: G1Concurrent
Event: 17.218 Executing VM operation: G1Concurrent done
Event: 17.262 Executing VM operation: G1Concurrent
Event: 17.275 Executing VM operation: G1Concurrent done

Events (20 events):
Event: 17.280 loading class java/lang/ObjectCustomizer
Event: 17.280 loading class java/lang/ObjectCustomizer done
Event: 17.280 loading class java/lang/ObjectCustomizer
Event: 17.280 loading class java/lang/ObjectCustomizer done
Event: 17.284 loading class java/lang/ObjectCustomizer
Event: 17.284 loading class java/lang/ObjectCustomizer done
Event: 17.284 loading class java/lang/ObjectCustomizer
Event: 17.284 loading class java/lang/ObjectCustomizer done
Event: 17.308 loading class java/lang/ObjectCustomizer
Event: 17.308 loading class java/lang/ObjectCustomizer done
Event: 17.309 loading class java/lang/ObjectCustomizer
Event: 17.309 loading class java/lang/ObjectCustomizer done
Event: 17.327 loading class java/lang/ObjectCustomizer
Event: 17.327 loading class java/lang/ObjectCustomizer done
Event: 17.327 loading class java/lang/ObjectCustomizer
Event: 17.327 loading class java/lang/ObjectCustomizer done
Event: 17.335 loading class java/lang/ObjectCustomizer
Event: 17.335 loading class java/lang/ObjectCustomizer done
Event: 17.335 loading class java/lang/ObjectCustomizer
Event: 17.335 loading class java/lang/ObjectCustomizer done


Dynamic libraries:
0x00007ff787780000 - 0x00007ff787790000 	C:\Program Files\Java\jdk-17.0.1\bin\java.exe
0x00007ffeebc90000 - 0x00007ffeebe85000 	C:\Windows\SYSTEM32\ntdll.dll
0x00007ffeeb040000 - 0x00007ffeeb0fd000 	C:\Windows\System32\KERNEL32.DLL
0x00007ffee9610000 - 0x00007ffee98dd000 	C:\Windows\System32\KERNELBASE.dll
0x00007ffee9b30000 - 0x00007ffee9c30000 	C:\Windows\System32\ucrtbase.dll
0x00007ffee64e0000 - 0x00007ffee64f8000 	C:\Program Files\Java\jdk-17.0.1\bin\jli.dll
0x00007ffee64c0000 - 0x00007ffee64da000 	C:\Program Files\Java\jdk-17.0.1\bin\VCRUNTIME140.dll
0x00007ffee9d80000 - 0x00007ffee9e2e000 	C:\Windows\System32\ADVAPI32.dll
0x00007ffeebbb0000 - 0x00007ffeebc4e000 	C:\Windows\System32\msvcrt.dll
0x00007ffee9ce0000 - 0x00007ffee9d7c000 	C:\Windows\System32\sechost.dll
0x00007ffeeb480000 - 0x00007ffeeb5a5000 	C:\Windows\System32\RPCRT4.dll
0x00007ffeeba10000 - 0x00007ffeebbb0000 	C:\Windows\System32\USER32.dll
0x00007ffee94b0000 - 0x00007ffee94d2000 	C:\Windows\System32\win32u.dll
0x00007ffeeb970000 - 0x00007ffeeb99a000 	C:\Windows\System32\GDI32.dll
0x00007ffee93a0000 - 0x00007ffee94ab000 	C:\Windows\System32\gdi32full.dll
0x00007ffee9a90000 - 0x00007ffee9b2d000 	C:\Windows\System32\msvcp_win.dll
0x00007ffeda820000 - 0x00007ffedaaba000 	C:\Windows\WinSxS\amd64_microsoft.windows.common-controls_6595b64144ccf1df_6.0.19041.1110_none_60b5254171f9507e\COMCTL32.dll
0x00007ffede4e0000 - 0x00007ffede4ea000 	C:\Windows\SYSTEM32\VERSION.dll
0x00007ffeea780000 - 0x00007ffeea7b0000 	C:\Windows\System32\IMM32.DLL
0x00007ffee64b0000 - 0x00007ffee64bc000 	C:\Program Files\Java\jdk-17.0.1\bin\vcruntime140_1.dll
0x00007ffeb7420000 - 0x00007ffeb74ad000 	C:\Program Files\Java\jdk-17.0.1\bin\msvcp140.dll
0x00007ffe90240000 - 0x00007ffe90dfe000 	C:\Program Files\Java\jdk-17.0.1\bin\server\jvm.dll
0x00007ffeea9c0000 - 0x00007ffeea9c8000 	C:\Windows\System32\PSAPI.DLL
0x00007ffee06d0000 - 0x00007ffee06d9000 	C:\Windows\SYSTEM32\WSOCK32.dll
0x00007ffeeb9a0000 - 0x00007ffeeba0b000 	C:\Windows\System32\WS2_32.dll
0x00007ffedabc0000 - 0x00007ffedabe7000 	C:\Windows\SYSTEM32\WINMM.dll
0x00007ffee72b0000 - 0x00007ffee72c2000 	C:\Windows\SYSTEM32\kernel.appcore.dll
0x00007ffedfb10000 - 0x00007ffedfb1a000 	C:\Program Files\Java\jdk-17.0.1\bin\jimage.dll
0x00007ffed0fa0000 - 0x00007ffed1184000 	C:\Windows\SYSTEM32\DBGHELP.DLL
0x00007ffed14c0000 - 0x00007ffed14ec000 	C:\Windows\SYSTEM32\dbgcore.DLL
0x00007ffee9510000 - 0x00007ffee9592000 	C:\Windows\System32\bcryptPrimitives.dll
0x00007ffedfae0000 - 0x00007ffedfb05000 	C:\Program Files\Java\jdk-17.0.1\bin\java.dll
0x00007ffeb2700000 - 0x00007ffeb27d6000 	C:\Program Files\Java\jdk-17.0.1\bin\svml.dll
0x00007ffee9e90000 - 0x00007ffeea5d4000 	C:\Windows\System32\SHELL32.dll
0x00007ffee7460000 - 0x00007ffee7bf4000 	C:\Windows\SYSTEM32\windows.storage.dll
0x00007ffeeb5b0000 - 0x00007ffeeb904000 	C:\Windows\System32\combase.dll
0x00007ffee8d20000 - 0x00007ffee8d4c000 	C:\Windows\SYSTEM32\Wldp.dll
0x00007ffeeaf20000 - 0x00007ffeeafcd000 	C:\Windows\System32\SHCORE.dll
0x00007ffeea5e0000 - 0x00007ffeea635000 	C:\Windows\System32\shlwapi.dll
0x00007ffee92e0000 - 0x00007ffee92ff000 	C:\Windows\SYSTEM32\profapi.dll
0x00007ffedfac0000 - 0x00007ffedfad9000 	C:\Program Files\Java\jdk-17.0.1\bin\net.dll
0x00007ffedf9a0000 - 0x00007ffedfaaa000 	C:\Windows\SYSTEM32\WINHTTP.dll
0x00007ffee8b00000 - 0x00007ffee8b6a000 	C:\Windows\system32\mswsock.dll
0x00007ffec5b90000 - 0x00007ffec5ba5000 	C:\Program Files\Java\jdk-17.0.1\bin\nio.dll
0x00007ffec1290000 - 0x00007ffec12a8000 	C:\Program Files\Java\jdk-17.0.1\bin\zip.dll
0x00007ffedfab0000 - 0x00007ffedfac0000 	C:\Program Files\Java\jdk-17.0.1\bin\verify.dll
0x00007ffebfb90000 - 0x00007ffebfb9e000 	C:\Program Files\Java\jdk-17.0.1\bin\sunmscapi.dll
0x00007ffee98e0000 - 0x00007ffee9a36000 	C:\Windows\System32\CRYPT32.dll
0x00007ffee8d90000 - 0x00007ffee8db7000 	C:\Windows\SYSTEM32\ncrypt.dll
0x00007ffee8d50000 - 0x00007ffee8d8b000 	C:\Windows\SYSTEM32\NTASN1.dll
0x00007ffebd420000 - 0x00007ffebd427000 	C:\Windows\system32\wshunix.dll
0x00007ffee9060000 - 0x00007ffee9078000 	C:\Windows\SYSTEM32\CRYPTSP.dll
0x00007ffee8430000 - 0x00007ffee8464000 	C:\Windows\system32\rsaenh.dll
0x00007ffee94e0000 - 0x00007ffee9507000 	C:\Windows\System32\bcrypt.dll
0x00007ffee9260000 - 0x00007ffee928e000 	C:\Windows\SYSTEM32\USERENV.dll
0x00007ffee8c90000 - 0x00007ffee8c9c000 	C:\Windows\SYSTEM32\CRYPTBASE.dll
0x00007ffee87c0000 - 0x00007ffee87fb000 	C:\Windows\SYSTEM32\IPHLPAPI.DLL
0x00007ffeea640000 - 0x00007ffeea648000 	C:\Windows\System32\NSI.dll
0x00007ffedf790000 - 0x00007ffedf7a7000 	C:\Windows\SYSTEM32\dhcpcsvc6.DLL
0x00007ffedf7f0000 - 0x00007ffedf80d000 	C:\Windows\SYSTEM32\dhcpcsvc.DLL
0x00007ffee8810000 - 0x00007ffee88db000 	C:\Windows\SYSTEM32\DNSAPI.dll
0x00007ffede640000 - 0x00007ffede64a000 	C:\Windows\System32\rasadhlp.dll
0x00007ffede650000 - 0x00007ffede6d0000 	C:\Windows\System32\fwpuclnt.dll
0x00007ffec5c20000 - 0x00007ffec5c29000 	C:\Program Files\Java\jdk-17.0.1\bin\management.dll
0x00007ffec44c0000 - 0x00007ffec44cb000 	C:\Program Files\Java\jdk-17.0.1\bin\management_ext.dll
0x00007ffe93690000 - 0x00007ffe936a7000 	C:\Windows\system32\napinsp.dll
0x00007ffe93670000 - 0x00007ffe9368b000 	C:\Windows\system32\pnrpnsp.dll
0x00007ffed9790000 - 0x00007ffed97a5000 	C:\Windows\system32\wshbth.dll
0x00007ffee4700000 - 0x00007ffee471d000 	C:\Windows\system32\NLAapi.dll
0x00007ffe93650000 - 0x00007ffe93662000 	C:\Windows\System32\winrnr.dll

dbghelp: loaded successfully - version: 4.0.5 - missing functions: none
symbol engine: initialized successfully - sym options: 0x614 - pdb path: .;C:\Program Files\Java\jdk-17.0.1\bin;C:\Windows\SYSTEM32;C:\Windows\WinSxS\amd64_microsoft.windows.common-controls_6595b64144ccf1df_6.0.19041.1110_none_60b5254171f9507e;C:\Program Files\Java\jdk-17.0.1\bin\server

VM Arguments:
jvm_args: -Dorg.gradle.internal.worker.tmpdir=C:\Users\Nataša\Desktop\DIS\DIS-project\DIS\microservices\book\build\tmp\test\work -Dorg.gradle.native=false --add-opens=java.base/java.util=ALL-UNNAMED --add-opens=java.base/java.lang=ALL-UNNAMED -Xmx512m -Dfile.encoding=windows-1252 -Duser.country=US -Duser.language=en -Duser.variant -ea 
java_command: worker.org.gradle.process.internal.worker.GradleWorkerMain 'Gradle Test Executor 2'
java_class_path (initial): C:\\Users\\Nataša\\.gradle\\caches\\7.4\\workerMain\\gradle-worker.jar;C:\\Users\\Nataša\\Desktop\\DIS\\DIS-project\\DIS\\microservices\\book\\build\\classes\\java\\test;C:\\Users\\Nataša\\Desktop\\DIS\\DIS-project\\DIS\\microservices\\book\\build\\classes\\java\\main;C:\\Users\\Nataša\\Desktop\\DIS\\DIS-project\\DIS\\microservices\\book\\build\\resources\\main;C:\\Users\\Nataša\\Desktop\\DIS\\DIS-project\\DIS\\api\\build\\libs\\api-1.0.0-SNAPSHOT.jar;C:\\Users\\Nataša\\Desktop\\DIS\\DIS-project\\DIS\\util\\build\\libs\\util-1.0.0-SNAPSHOT.jar;C:\\Users\\Nataša\\.gradle\\caches\\modules-2\\files-2.1\\org.springframework.boot\\spring-boot-starter-actuator\\2.5.2\\854b5574793363ac1c11a5d364b93c9489146e08\\spring-boot-starter-actuator-2.5.2.jar;C:\\Users\\Nataša\\.gradle\\caches\\modules-2\\files-2.1\\org.springframework.boot\\spring-boot-starter-webflux\\2.5.2\\ff0a13ffd88b2d3683a3f72930d249b83e85bc05\\spring-boot-starter-webflux-2.5.2.jar;C:\\Users\\Nataša\\.gradle\\caches\\modules-2\\files-2.1\\org.springframework.boot\\spring-boot-starter-data-mongodb-reactive\\2.5.2\\4b7227c429b33585b8ec03077ba9980456247bb9\\spring-boot-starter-data-mongodb-reactive-2.5.2.jar;C:\\Users\\Nataša\\.gradle\\caches\\modules-2\\files-2.1\\org.springframework.cloud\\spring-cloud-starter-stream-rabbit\\3.1.3\\d15df82c13306ee79c93b587d61678c6d9c6c225\\spring-cloud-starter-stream-rabbit-3.1.3.jar;C:\\Users\\Nataša\\.gradle\\caches\\modules-2\\files-2.1\\org.springframework.cloud\\spring-cloud-starter-stream-kafka\\3.1.3\\5c38ef37df07aa3a75b2df12c04c0151ae302d0\\spring-cloud-starter-stream-kafka-3.1.3.jar;C:\\Users\\Nataša\\.gradle\\caches\\modules-2\\files-2.1\\org.mapstruct\\mapstruct\\1.3.1.Final\\6ab184bbc7a7029738277a244e4c535fcdc3f558\\mapstruct-1.3.1.Final.jar;C:\\Users\\Nataša\\.gradle\\caches\\modules-2\\files-2.1\\org.springframework.cloud\\spring-cloud-starter-netflix-eureka-client\\3.0.3\\4a0a2920c7a9853ed45486b1e90625f679a23bca\\spring-cloud-starter-
Launcher Type: SUN_STANDARD

[Global flags]
     intx CICompilerCount                          = 3                                         {product} {ergonomic}
     uint ConcGCThreads                            = 1                                         {product} {ergonomic}
     uint G1ConcRefinementThreads                  = 4                                         {product} {ergonomic}
   size_t G1HeapRegionSize                         = 1048576                                   {product} {ergonomic}
    uintx GCDrainStackTargetSize                   = 64                                        {product} {ergonomic}
   size_t InitialHeapSize                          = 201326592                                 {product} {ergonomic}
   size_t MarkStackSize                            = 4194304                                   {product} {ergonomic}
   size_t MaxHeapSize                              = 536870912                                 {product} {command line}
   size_t MaxNewSize                               = 321912832                                 {product} {ergonomic}
   size_t MinHeapDeltaBytes                        = 1048576                                   {product} {ergonomic}
   size_t MinHeapSize                              = 8388608                                   {product} {ergonomic}
    uintx NonNMethodCodeHeapSize                   = 5832780                                {pd product} {ergonomic}
    uintx NonProfiledCodeHeapSize                  = 122912730                              {pd product} {ergonomic}
    uintx ProfiledCodeHeapSize                     = 122912730                              {pd product} {ergonomic}
    uintx ReservedCodeCacheSize                    = 251658240                              {pd product} {ergonomic}
     bool SegmentedCodeCache                       = true                                      {product} {ergonomic}
   size_t SoftMaxHeapSize                          = 536870912                              {manageable} {ergonomic}
     bool UseCompressedClassPointers               = true                           {product lp64_product} {ergonomic}
     bool UseCompressedOops                        = true                           {product lp64_product} {ergonomic}
     bool UseG1GC                                  = true                                      {product} {ergonomic}
     bool UseLargePagesIndividualAllocation        = false                                  {pd product} {ergonomic}

Logging:
Log output configuration:
 #0: stdout all=warning uptime,level,tags
 #1: stderr all=off uptime,level,tags

Environment Variables:
JAVA_HOME=C:\Program Files\Java\jdk-17.0.1\
PATH=C:\Users\Nataša\bin;C:\Program Files\Git\mingw64\bin;C:\Program Files\Git\usr\local\bin;C:\Program Files\Git\usr\bin;C:\Program Files\Git\usr\bin;C:\Program Files\Git\mingw64\bin;C:\Program Files\Git\usr\bin;C:\Users\Nataša\bin;C:\Program Files\Common Files\Oracle\Java\javapath;C:\Program Files (x86)\Common Files\Oracle\Java\javapath;C:\Windows\system32;C:\Windows;C:\Windows\System32\Wbem;C:\Windows\System32\WindowsPowerShell\v1.0;C:\Windows\System32\OpenSSH;C:\Program Files (x86)\nodejs;C:\Program Files\Azure Data Studio\bin;C:\Program Files\Microsoft SQL Server\Client SDK\ODBC\170\Tools\Binn;C:\Program Files (x86)\Microsoft SQL Server\150\Tools\Binn;C:\Program Files\Microsoft SQL Server\150\Tools\Binn;C:\Program Files\Microsoft SQL Server\150\DTS\Binn;C:\Program Files\Microsoft SQL Server\130\Tools\Binn;C:\Program Files\Git\cmd;C:\Program Files\apache-maven-3.8.3\bin;C:\Program Files\Java\jdk-17.0.1;C:\Program Files\Java\jre1.8.0_311;C:\Users\Nataša\Desktop\sonar-scanner-4.6.2.2472-windows\bin;C:\Users\Nataša\Desktop\tvdcc-2.3.0;C:\Program Files\Polyspace\R2019b\runtime\win64;C:\Program Files\Polyspace\R2019b\bin;C:\Program Files\Polyspace\R2019b\polyspace\bin;C:\Program Files\Docker\Docker\resources\bin;C:\ProgramData\DockerDesktop\version-bin;C:\Users\Nataša\AppData\Local\Microsoft\WindowsApps;C:\Users\Nataša\AppData\Roaming\npm;C:\Program Files\Azure Data Studio\bin;C:\Android-sdk;C:\Program Files\apache-maven-3.8.3\bin;C:\Program Files\Java\jdk-17.0.1;C:\Users\Nataša\Desktop\sonar-scanner-4.6.2.2472-windows\bin;C:\Users\Nataša\Desktop\spring-2.6.6\bin;C:\Program Files\Git\usr\bin\vendor_perl;C:\Program Files\Git\usr\bin\core_perl
USERNAME=Nataša
SHELL=C:\Program Files\Git\usr\bin\bash.exe
DISPLAY=needs-to-be-defined
LC_CTYPE=en_US.UTF-8
OS=Windows_NT
PROCESSOR_IDENTIFIER=Intel64 Family 6 Model 60 Stepping 3, GenuineIntel



---------------  S Y S T E M  ---------------

OS:
 Windows 10 , 64 bit Build 19041 (10.0.19041.1706)
OS uptime: 0 days 0:30 hours
Hyper-V role detected

CPU: total 4 (initial active 4) (2 cores per cpu, 2 threads per core) family 6 model 60 stepping 3 microcode 0x27, cx8, cmov, fxsr, ht, mmx, sse, sse2, sse3, ssse3, sse4.1, sse4.2, popcnt, lzcnt, tsc, tscinvbit, avx, avx2, aes, erms, clmul, bmi1, bmi2, fma, vzeroupper, clflush, hv

Memory: 4k page, system-wide physical 12201M (596M free)
TotalPageFile size 12684M (AvailPageFile size 5M)
current process WorkingSet (physical memory assigned to process): 330M, peak: 335M
current process commit charge ("private bytes"): 368M, peak: 370M

vm_info: Java HotSpot(TM) 64-Bit Server VM (17.0.1+12-LTS-39) for windows-amd64 JRE (17.0.1+12-LTS-39), built on Sep 27 2021 18:41:35 by "mach5one" with MS VC++ 16.8 (VS2019)

END.
